#
# There is insufficient memory for the Java Runtime Environment to continue.
# Native memory allocation (mmap) failed to map 30306304 bytes for committing reserved memory.
# Possible reasons:
#   The system is out of physical RAM or swap space
#   The process is running with CompressedOops enabled, and the Java Heap may be blocking the growth of the native heap
# Possible solutions:
#   Reduce memory load on the system
#   Increase physical memory or swap space
#   Check if swap backing store is full
#   Decrease Java heap size (-Xmx/-Xms)
#   Decrease number of Java threads
#   Decrease Java thread stack sizes (-Xss)
#   Set larger code cache with -XX:ReservedCodeCacheSize=
#   JVM is running with Unscaled Compressed Oops mode in which the Java heap is
#     placed in the first 4GB address space. The Java Heap base address is the
#     maximum limit for the native heap growth. Please use -XX:HeapBaseMinAddress
#     to set the Java Heap base and to place the Java Heap above 4GB virtual address.
# This output file may be truncated or incomplete.
#
#  Out of Memory Error (os_linux.cpp:2757), pid=21023, tid=0x00007f38703b8700
#
# JRE version: OpenJDK Runtime Environment (8.0_222-b10) (build 1.8.0_222-8u222-b10-1ubuntu1~16.04.1-b10)
# Java VM: OpenJDK 64-Bit Server VM (25.222-b10 mixed mode linux-amd64 compressed oops)
# Failed to write core dump. Core dumps have been disabled. To enable core dumping, try "ulimit -c unlimited" before starting Java again
#

---------------  T H R E A D  ---------------

Current thread (0x00007f3880075800):  VMThread [stack: 0x00007f38702b8000,0x00007f38703b9000] [id=21037]

Stack: [0x00007f38702b8000,0x00007f38703b9000],  sp=0x00007f38703b7540,  free space=1021k
Native frames: (J=compiled Java code, j=interpreted, Vv=VM code, C=native code)
V  [libjvm.so+0xa7787b]
V  [libjvm.so+0x4caa8c]
V  [libjvm.so+0x8c5da8]
V  [libjvm.so+0x8bd3ee]
V  [libjvm.so+0xa73fd4]
V  [libjvm.so+0x5cf9dd]
V  [libjvm.so+0x5d057d]
V  [libjvm.so+0x5bcf68]
V  [libjvm.so+0x45135f]
V  [libjvm.so+0xa78991]
V  [libjvm.so+0xa7e587]
V  [libjvm.so+0xa7bde7]
V  [libjvm.so+0xa7d0cf]
V  [libjvm.so+0xa7d5f2]
V  [libjvm.so+0x8c3102]

VM_Operation (0x00007f3848a58f10): GenCollectForAllocation, mode: safepoint, requested by thread 0x00007f386c1b7000


---------------  P R O C E S S  ---------------

Java Threads: ( => current thread )
  0x00007f385d3aa800 JavaThread "broadcast-exchange-45" daemon [_thread_blocked, id=21185, stack(0x00007f384ab64000,0x00007f384ac65000)]
  0x00007f385c1a8800 JavaThread "broadcast-exchange-44" daemon [_thread_blocked, id=21184, stack(0x00007f384a861000,0x00007f384a962000)]
  0x00007f386c1b7000 JavaThread "Executor task launch worker for task 14696" daemon [_thread_blocked, id=21183, stack(0x00007f384895a000,0x00007f3848a5b000)]
  0x00007f386c1a6000 JavaThread "Executor task launch worker for task 14595" daemon [_thread_blocked, id=21177, stack(0x00007f3847049000,0x00007f384714a000)]
  0x00007f386c0a3800 JavaThread "Executor task launch worker for task 14596" daemon [_thread_blocked, id=21176, stack(0x00007f384724b000,0x00007f384734c000)]
  0x00007f3858047000 JavaThread "block-manager-slave-async-thread-pool-23" daemon [_thread_blocked, id=21175, stack(0x00007f3846e47000,0x00007f3846f48000)]
  0x00007f38500cf000 JavaThread "block-manager-slave-async-thread-pool-22" daemon [_thread_blocked, id=21174, stack(0x00007f3848f5e000,0x00007f384905f000)]
  0x00007f385041b000 JavaThread "block-manager-slave-async-thread-pool-20" daemon [_thread_blocked, id=21172, stack(0x00007f3846742000,0x00007f3846843000)]
  0x00007f386c1b4800 JavaThread "Executor task launch worker for task 14672" daemon [_thread_blocked, id=21171, stack(0x00007f3846c45000,0x00007f3846d46000)]
  0x00007f3864032800 JavaThread "Executor task launch worker for task 14694" daemon [_thread_blocked, id=21170, stack(0x00007f3848a5b000,0x00007f3848b5c000)]
  0x00007f386404f000 JavaThread "block-manager-ask-thread-pool-7" daemon [_thread_blocked, id=21166, stack(0x00007f3848c5d000,0x00007f3848d5e000)]
  0x00007f3850b37800 JavaThread "Thread-18" [_thread_in_native, id=21094, stack(0x00007f3848b5c000,0x00007f3848c5d000)]
  0x00007f3864034800 JavaThread "task-result-getter-3" daemon [_thread_blocked, id=21091, stack(0x00007f3849a5f000,0x00007f3849b60000)]
  0x00007f386c0ee000 JavaThread "task-result-getter-2" daemon [_thread_blocked, id=21090, stack(0x00007f384a760000,0x00007f384a861000)]
  0x00007f386c0d9000 JavaThread "task-result-getter-1" daemon [_thread_blocked, id=21085, stack(0x00007f384ac65000,0x00007f384ad66000)]
  0x00007f386402d000 JavaThread "task-result-getter-0" daemon [_thread_blocked, id=21084, stack(0x00007f384af66000,0x00007f384b067000)]
  0x00007f385da9e800 JavaThread "org.apache.hadoop.fs.FileSystem$Statistics$StatisticsDataReferenceCleaner" daemon [_thread_blocked, id=21082, stack(0x00007f384b674000,0x00007f384b775000)]
  0x00007f385ca54000 JavaThread "SparkListenerBus" daemon [_thread_blocked, id=21080, stack(0x00007f384bef0000,0x00007f384bff1000)]
  0x00007f385ca36800 JavaThread "context-cleaner-periodic-gc" daemon [_thread_blocked, id=21079, stack(0x00007f384bff1000,0x00007f384c0f2000)]
  0x00007f385ca34800 JavaThread "Spark Context Cleaner" daemon [_thread_blocked, id=21078, stack(0x00007f384c0f2000,0x00007f384c1f3000)]
  0x00007f385c755000 JavaThread "shuffle-server-5-1" daemon [_thread_in_native, id=21077, stack(0x00007f384c3f3000,0x00007f384c4f4000)]
  0x00007f385c74f800 JavaThread "driver-heartbeater" daemon [_thread_blocked, id=21076, stack(0x00007f384c4f4000,0x00007f384c5f5000)]
  0x00007f385c74b000 JavaThread "dag-scheduler-event-loop" daemon [_thread_blocked, id=21075, stack(0x00007f384c5f5000,0x00007f384c6f6000)]
  0x000000000111a800 JavaThread "netty-rpc-env-timeout" daemon [_thread_blocked, id=21074, stack(0x00007f384c6f6000,0x00007f384c7f7000)]
  0x00007f385c724800 JavaThread "Timer-0" daemon [_thread_blocked, id=21073, stack(0x00007f384c7f7000,0x00007f384c8f8000)]
  0x00007f386c078000 JavaThread "heartbeat-receiver-event-loop-thread" daemon [_thread_blocked, id=21072, stack(0x00007f384c8f8000,0x00007f384c9f9000)]
  0x00007f385c8be000 JavaThread "SparkUI-37" daemon [_thread_blocked, id=21071, stack(0x00007f384c9f9000,0x00007f384cafa000)]
  0x00007f385c8bc000 JavaThread "SparkUI-36" daemon [_thread_blocked, id=21070, stack(0x00007f384cafa000,0x00007f384cbfb000)]
  0x00007f385c8ba800 JavaThread "SparkUI-35" daemon [_thread_blocked, id=21069, stack(0x00007f384cbfb000,0x00007f384ccfc000)]
  0x00007f385c8b8800 JavaThread "SparkUI-34" daemon [_thread_blocked, id=21068, stack(0x00007f384ccfc000,0x00007f384cdfd000)]
  0x00007f385c8b7000 JavaThread "SparkUI-33" daemon [_thread_blocked, id=21067, stack(0x00007f384cdfd000,0x00007f384cefe000)]
  0x00007f385c8b5000 JavaThread "SparkUI-32" daemon [_thread_blocked, id=21066, stack(0x00007f384cefe000,0x00007f384cfff000)]
  0x00007f385c8b4000 JavaThread "SparkUI-31-acceptor-0@71ba336a-Spark@7f7dd32d{HTTP/1.1}{0.0.0.0:4040}" daemon [_thread_in_native, id=21065, stack(0x00007f38680e2000,0x00007f38681e3000)]
  0x00007f385c6fe000 JavaThread "SparkUI-30-selector-ServerConnectorManager@414e1750/0" daemon [_thread_in_native, id=21064, stack(0x00007f38681e3000,0x00007f38682e4000)]
  0x00007f385c633800 JavaThread "refresh progress" daemon [_thread_blocked, id=21062, stack(0x00007f38684e4000,0x00007f38685e5000)]
  0x00007f385c64d000 JavaThread "map-output-dispatcher-7" daemon [_thread_blocked, id=21061, stack(0x00007f38687e5000,0x00007f38688e6000)]
  0x00007f385c64b000 JavaThread "map-output-dispatcher-6" daemon [_thread_blocked, id=21060, stack(0x00007f38688e6000,0x00007f38689e7000)]
  0x00007f385c649800 JavaThread "map-output-dispatcher-5" daemon [_thread_blocked, id=21059, stack(0x00007f38689e7000,0x00007f3868ae8000)]
  0x00007f385c5dd000 JavaThread "map-output-dispatcher-4" daemon [_thread_blocked, id=21058, stack(0x00007f3868ae8000,0x00007f3868be9000)]
  0x00007f385c5db000 JavaThread "map-output-dispatcher-3" daemon [_thread_blocked, id=21057, stack(0x00007f3868be9000,0x00007f3868cea000)]
  0x00007f385c5da000 JavaThread "map-output-dispatcher-2" daemon [_thread_blocked, id=21056, stack(0x00007f3868cea000,0x00007f3868deb000)]
  0x00007f385c67f800 JavaThread "map-output-dispatcher-1" daemon [_thread_blocked, id=21055, stack(0x00007f3868deb000,0x00007f3868eec000)]
  0x00007f385c67e800 JavaThread "map-output-dispatcher-0" daemon [_thread_blocked, id=21054, stack(0x00007f3868eec000,0x00007f3868fed000)]
  0x00007f385c599800 JavaThread "rpc-server-3-1" daemon [_thread_in_native, id=21053, stack(0x00007f3868fed000,0x00007f38690ee000)]
  0x00007f385c3c5000 JavaThread "dispatcher-event-loop-1" daemon [_thread_blocked, id=21052, stack(0x00007f3869513000,0x00007f3869614000)]
  0x00007f385c3c4000 JavaThread "dispatcher-event-loop-0" daemon [_thread_blocked, id=21051, stack(0x00007f3869e40000,0x00007f3869f41000)]
  0x00007f385035c800 JavaThread "Thread-2" [_thread_blocked, id=21047, stack(0x00007f386a584000,0x00007f386a685000)]
  0x00007f3880e39000 JavaThread "Thread-1" [_thread_in_native, id=21046, stack(0x00007f386a685000,0x00007f386a786000)]
  0x00007f3880e29800 JavaThread "pool-1-thread-1" [_thread_blocked, id=21045, stack(0x00007f386a986000,0x00007f386aa87000)]
  0x00007f38800bb000 JavaThread "Service Thread" daemon [_thread_blocked, id=21043, stack(0x00007f386ba64000,0x00007f386bb65000)]
  0x00007f38800b8000 JavaThread "C1 CompilerThread1" daemon [_thread_blocked, id=21042, stack(0x00007f386bb65000,0x00007f386bc66000)]
  0x00007f38800b5800 JavaThread "C2 CompilerThread0" daemon [_thread_blocked, id=21041, stack(0x00007f386bc66000,0x00007f386bd67000)]
  0x00007f38800b4000 JavaThread "Signal Dispatcher" daemon [_thread_blocked, id=21040, stack(0x00007f386bd67000,0x00007f386be68000)]
  0x00007f3880082000 JavaThread "Finalizer" daemon [_thread_blocked, id=21039, stack(0x00007f38700b6000,0x00007f38701b7000)]
  0x00007f388007f800 JavaThread "Reference Handler" daemon [_thread_blocked, id=21038, stack(0x00007f38701b7000,0x00007f38702b8000)]
  0x00007f3880011800 JavaThread "main" [_thread_in_native, id=21036, stack(0x00007f3887b1f000,0x00007f3887c20000)]

Other Threads:
=>0x00007f3880075800 VMThread [stack: 0x00007f38702b8000,0x00007f38703b9000] [id=21037]
  0x00007f38800be000 WatcherThread [stack: 0x00007f386b963000,0x00007f386ba64000] [id=21044]

VM state:at safepoint (normal execution)

VM Mutex/Monitor currently owned by a thread:  ([mutex/lock_event])
[0x00007f388000def0] Threads_lock - owner thread: 0x00007f3880075800
[0x00007f388000e3f0] Heap_lock - owner thread: 0x00007f386c1b7000

heap address: 0x00000000c0000000, size: 1024 MB, Compressed Oops mode: 32-bit
Narrow klass base: 0x0000000000000000, Narrow klass shift: 3
Compressed class space size: 1073741824 Address: 0x0000000100000000

Heap:
 def new generation   total 150464K, used 0K [0x00000000c0000000, 0x00000000ca340000, 0x00000000d5550000)
  eden space 133760K,   0% used [0x00000000c0000000, 0x00000000c0000000, 0x00000000c82a0000)
  from space 16704K,   0% used [0x00000000c82a0000, 0x00000000c82a0000, 0x00000000c92f0000)
  to   space 16704K,   0% used [0x00000000c92f0000, 0x00000000c92f0000, 0x00000000ca340000)
 tenured generation   total 334752K, used 218608K [0x00000000d5550000, 0x00000000e9c38000, 0x0000000100000000)
   the space 334752K,  65% used [0x00000000d5550000, 0x00000000e2acc1c0, 0x00000000e2acc200, 0x00000000e9c38000)
 Metaspace       used 84785K, capacity 88311K, committed 88664K, reserved 1126400K
  class space    used 11566K, capacity 11974K, committed 12120K, reserved 1048576K

Card table byte_map: [0x00007f3870dff000,0x00007f3871000000] byte_map_base: 0x00007f38707ff000

Polling page: 0x00007f3887c2b000

CodeCache: size=245760Kb used=52786Kb max_used=52846Kb free=192974Kb
 bounds [0x00007f3871000000, 0x00007f3874460000, 0x00007f3880000000]
 total_blobs=17174 nmethods=15798 adapters=1286
 compilation: enabled

Compilation events (10 events):
Event: 525.007 Thread 0x00007f38800b5800 nmethod 22675 0x00007f38738ca510 code [0x00007f38738ca660, 0x00007f38738ca738]
Event: 525.018 Thread 0x00007f38800b8000 22676   !   3       org.apache.spark.sql.catalyst.expressions.GeneratedClass$GeneratedIterator::sort_addToSorter$ (1261 bytes)
Event: 525.034 Thread 0x00007f38800b8000 nmethod 22676 0x00007f38737cd090 code [0x00007f38737cdd20, 0x00007f38737d6998]
Event: 525.036 Thread 0x00007f38800b5800 22677       4       org.apache.spark.sql.execution.ShuffledRowRDD::compute (58 bytes)
Event: 525.045 Thread 0x00007f38800b5800 nmethod 22677 0x00007f3873c504d0 code [0x00007f3873c506a0, 0x00007f3873c50b28]
Event: 525.118 Thread 0x00007f38800b5800 22678       4       org.apache.spark.shuffle.BlockStoreShuffleReader::read (510 bytes)
Event: 525.138 Thread 0x00007f38800b8000 22682       3       org.apache.spark.scheduler.StageInfo$$anonfun$fromStage$2::apply (12 bytes)
Event: 525.138 Thread 0x00007f38800b8000 nmethod 22682 0x00007f3872ed0a90 code [0x00007f3872ed0c20, 0x00007f3872ed1060]
Event: 525.144 Thread 0x00007f38800b8000 22683       2       scala.collection.generic.Growable$$anonfun$$plus$plus$eq$1::apply (11 bytes)
Event: 525.144 Thread 0x00007f38800b8000 nmethod 22683 0x00007f38738c9d50 code [0x00007f38738c9ec0, 0x00007f38738ca020]

GC Heap History (10 events):
Event: 524.282 GC heap after
Heap after GC invocations=1022 (full 109):
 def new generation   total 150464K, used 16704K [0x00000000c0000000, 0x00000000ca340000, 0x00000000d5550000)
  eden space 133760K,   0% used [0x00000000c0000000, 0x00000000c0000000, 0x00000000c82a0000)
  from space 16704K, 100% used [0x00000000c92f0000, 0x00000000ca340000, 0x00000000ca340000)
  to   space 16704K,   0% used [0x00000000c82a0000, 0x00000000c82a0000, 0x00000000c92f0000)
 tenured generation   total 334176K, used 218893K [0x00000000d5550000, 0x00000000e9ba8000, 0x0000000100000000)
   the space 334176K,  65% used [0x00000000d5550000, 0x00000000e2b13480, 0x00000000e2b13600, 0x00000000e9ba8000)
 Metaspace       used 84754K, capacity 88235K, committed 88664K, reserved 1126400K
  class space    used 11565K, capacity 11974K, committed 12120K, reserved 1048576K
}
Event: 524.477 GC heap before
{Heap before GC invocations=1022 (full 109):
 def new generation   total 150464K, used 150464K [0x00000000c0000000, 0x00000000ca340000, 0x00000000d5550000)
  eden space 133760K, 100% used [0x00000000c0000000, 0x00000000c82a0000, 0x00000000c82a0000)
  from space 16704K, 100% used [0x00000000c92f0000, 0x00000000ca340000, 0x00000000ca340000)
  to   space 16704K,   0% used [0x00000000c82a0000, 0x00000000c82a0000, 0x00000000c92f0000)
 tenured generation   total 334176K, used 218893K [0x00000000d5550000, 0x00000000e9ba8000, 0x0000000100000000)
   the space 334176K,  65% used [0x00000000d5550000, 0x00000000e2b13480, 0x00000000e2b13600, 0x00000000e9ba8000)
 Metaspace       used 84774K, capacity 88311K, committed 88664K, reserved 1126400K
  class space    used 11566K, capacity 11974K, committed 12120K, reserved 1048576K
Event: 524.491 GC heap after
Heap after GC invocations=1023 (full 109):
 def new generation   total 150464K, used 674K [0x00000000c0000000, 0x00000000ca340000, 0x00000000d5550000)
  eden space 133760K,   0% used [0x00000000c0000000, 0x00000000c0000000, 0x00000000c82a0000)
  from space 16704K,   4% used [0x00000000c82a0000, 0x00000000c8348b30, 0x00000000c92f0000)
  to   space 16704K,   0% used [0x00000000c92f0000, 0x00000000c92f0000, 0x00000000ca340000)
 tenured generation   total 334176K, used 252110K [0x00000000d5550000, 0x00000000e9ba8000, 0x0000000100000000)
   the space 334176K,  75% used [0x00000000d5550000, 0x00000000e4b83a88, 0x00000000e4b83c00, 0x00000000e9ba8000)
 Metaspace       used 84774K, capacity 88311K, committed 88664K, reserved 1126400K
  class space    used 11566K, capacity 11974K, committed 12120K, reserved 1048576K
}
Event: 524.690 GC heap before
{Heap before GC invocations=1023 (full 109):
 def new generation   total 150464K, used 134434K [0x00000000c0000000, 0x00000000ca340000, 0x00000000d5550000)
  eden space 133760K, 100% used [0x00000000c0000000, 0x00000000c82a0000, 0x00000000c82a0000)
  from space 16704K,   4% used [0x00000000c82a0000, 0x00000000c8348b30, 0x00000000c92f0000)
  to   space 16704K,   0% used [0x00000000c92f0000, 0x00000000c92f0000, 0x00000000ca340000)
 tenured generation   total 334176K, used 252110K [0x00000000d5550000, 0x00000000e9ba8000, 0x0000000100000000)
   the space 334176K,  75% used [0x00000000d5550000, 0x00000000e4b83a88, 0x00000000e4b83c00, 0x00000000e9ba8000)
 Metaspace       used 84783K, capacity 88311K, committed 88664K, reserved 1126400K
  class space    used 11566K, capacity 11974K, committed 12120K, reserved 1048576K
Event: 524.701 GC heap after
Heap after GC invocations=1024 (full 109):
 def new generation   total 150464K, used 561K [0x00000000c0000000, 0x00000000ca340000, 0x00000000d5550000)
  eden space 133760K,   0% used [0x00000000c0000000, 0x00000000c0000000, 0x00000000c82a0000)
  from space 16704K,   3% used [0x00000000c92f0000, 0x00000000c937c640, 0x00000000ca340000)
  to   space 16704K,   0% used [0x00000000c82a0000, 0x00000000c82a0000, 0x00000000c92f0000)
 tenured generation   total 334176K, used 284878K [0x00000000d5550000, 0x00000000e9ba8000, 0x0000000100000000)
   the space 334176K,  85% used [0x00000000d5550000, 0x00000000e6b83aa8, 0x00000000e6b83c00, 0x00000000e9ba8000)
 Metaspace       used 84783K, capacity 88311K, committed 88664K, reserved 1126400K
  class space    used 11566K, capacity 11974K, committed 12120K, reserved 1048576K
}
Event: 524.862 GC heap before
{Heap before GC invocations=1024 (full 109):
 def new generation   total 150464K, used 134321K [0x00000000c0000000, 0x00000000ca340000, 0x00000000d5550000)
  eden space 133760K, 100% used [0x00000000c0000000, 0x00000000c82a0000, 0x00000000c82a0000)
  from space 16704K,   3% used [0x00000000c92f0000, 0x00000000c937c640, 0x00000000ca340000)
  to   space 16704K,   0% used [0x00000000c82a0000, 0x00000000c82a0000, 0x00000000c92f0000)
 tenured generation   total 334176K, used 284878K [0x00000000d5550000, 0x00000000e9ba8000, 0x0000000100000000)
   the space 334176K,  85% used [0x00000000d5550000, 0x00000000e6b83aa8, 0x00000000e6b83c00, 0x00000000e9ba8000)
 Metaspace       used 84783K, capacity 88311K, committed 88664K, reserved 1126400K
  class space    used 11566K, capacity 11974K, committed 12120K, reserved 1048576K
Event: 524.873 GC heap after
Heap after GC invocations=1025 (full 109):
 def new generation   total 150464K, used 918K [0x00000000c0000000, 0x00000000ca340000, 0x00000000d5550000)
  eden space 133760K,   0% used [0x00000000c0000000, 0x00000000c0000000, 0x00000000c82a0000)
  from space 16704K,   5% used [0x00000000c82a0000, 0x00000000c8385ab0, 0x00000000c92f0000)
  to   space 16704K,   0% used [0x00000000c92f0000, 0x00000000c92f0000, 0x00000000ca340000)
 tenured generation   total 334176K, used 317646K [0x00000000d5550000, 0x00000000e9ba8000, 0x0000000100000000)
   the space 334176K,  95% used [0x00000000d5550000, 0x00000000e8b83ac8, 0x00000000e8b83c00, 0x00000000e9ba8000)
 Metaspace       used 84783K, capacity 88311K, committed 88664K, reserved 1126400K
  class space    used 11566K, capacity 11974K, committed 12120K, reserved 1048576K
}
Event: 525.046 GC heap before
{Heap before GC invocations=1025 (full 109):
 def new generation   total 150464K, used 134678K [0x00000000c0000000, 0x00000000ca340000, 0x00000000d5550000)
  eden space 133760K, 100% used [0x00000000c0000000, 0x00000000c82a0000, 0x00000000c82a0000)
  from space 16704K,   5% used [0x00000000c82a0000, 0x00000000c8385ab0, 0x00000000c92f0000)
  to   space 16704K,   0% used [0x00000000c92f0000, 0x00000000c92f0000, 0x00000000ca340000)
 tenured generation   total 334176K, used 317646K [0x00000000d5550000, 0x00000000e9ba8000, 0x0000000100000000)
   the space 334176K,  95% used [0x00000000d5550000, 0x00000000e8b83ac8, 0x00000000e8b83c00, 0x00000000e9ba8000)
 Metaspace       used 84783K, capacity 88311K, committed 88664K, reserved 1126400K
  class space    used 11566K, capacity 11974K, committed 12120K, reserved 1048576K
Event: 525.050 GC heap after
Heap after GC invocations=1026 (full 109):
 def new generation   total 150464K, used 1000K [0x00000000c0000000, 0x00000000ca340000, 0x00000000d5550000)
  eden space 133760K,   0% used [0x00000000c0000000, 0x00000000c0000000, 0x00000000c82a0000)
  from space 16704K,   5% used [0x00000000c92f0000, 0x00000000c93ea0d8, 0x00000000ca340000)
  to   space 16704K,   0% used [0x00000000c82a0000, 0x00000000c82a0000, 0x00000000c92f0000)
 tenured generation   total 334176K, used 317646K [0x00000000d5550000, 0x00000000e9ba8000, 0x0000000100000000)
   the space 334176K,  95% used [0x00000000d5550000, 0x00000000e8b83ac8, 0x00000000e8b83c00, 0x00000000e9ba8000)
 Metaspace       used 84783K, capacity 88311K, committed 88664K, reserved 1126400K
  class space    used 11566K, capacity 11974K, committed 12120K, reserved 1048576K
}
Event: 525.262 GC heap before
{Heap before GC invocations=1026 (full 109):
 def new generation   total 150464K, used 134760K [0x00000000c0000000, 0x00000000ca340000, 0x00000000d5550000)
  eden space 133760K, 100% used [0x00000000c0000000, 0x00000000c82a0000, 0x00000000c82a0000)
  from space 16704K,   5% used [0x00000000c92f0000, 0x00000000c93ea0d8, 0x00000000ca340000)
  to   space 16704K,   0% used [0x00000000c82a0000, 0x00000000c82a0000, 0x00000000c92f0000)
 tenured generation   total 334176K, used 317646K [0x00000000d5550000, 0x00000000e9ba8000, 0x0000000100000000)
   the space 334176K,  95% used [0x00000000d5550000, 0x00000000e8b83ac8, 0x00000000e8b83c00, 0x00000000e9ba8000)
 Metaspace       used 84785K, capacity 88311K, committed 88664K, reserved 1126400K
  class space    used 11566K, capacity 11974K, committed 12120K, reserved 1048576K

Deoptimization events (10 events):
Event: 463.539 Thread 0x00007f386c0a3800 Uncommon trap: reason=class_check action=maybe_recompile pc=0x00007f3872e34bf0 method=org.apache.spark.sql.catalyst.expressions.codegen.GenerateOrdering$.bind(Ljava/lang/Object;Lscala/collection/Seq;)Ljava/lang/Object; @ 2
Event: 463.542 Thread 0x00007f3864032800 Uncommon trap: reason=class_check action=maybe_recompile pc=0x00007f3872e34bf0 method=org.apache.spark.sql.catalyst.expressions.codegen.GenerateOrdering$.bind(Ljava/lang/Object;Lscala/collection/Seq;)Ljava/lang/Object; @ 2
Event: 463.543 Thread 0x00007f3864032800 Uncommon trap: reason=class_check action=maybe_recompile pc=0x00007f3872e34bf0 method=org.apache.spark.sql.catalyst.expressions.codegen.GenerateOrdering$.bind(Ljava/lang/Object;Lscala/collection/Seq;)Ljava/lang/Object; @ 2
Event: 463.732 Thread 0x00007f385c3c4000 Uncommon trap: reason=unstable_if action=reinterpret pc=0x00007f3873af776c method=java.util.concurrent.SynchronousQueue$TransferStack$SNode.tryMatch(Ljava/util/concurrent/SynchronousQueue$TransferStack$SNode;)Z @ 28
Event: 463.732 Thread 0x00007f386c1a6000 Uncommon trap: reason=unstable_if action=reinterpret pc=0x00007f3873af76a0 method=java.util.concurrent.SynchronousQueue$TransferStack.shouldSpin(Ljava/util/concurrent/SynchronousQueue$TransferStack$SNode;)Z @ 7
Event: 463.816 Thread 0x00007f386c1a6000 Uncommon trap: reason=class_check action=maybe_recompile pc=0x00007f38734a4660 method=scala.collection.Iterator$class.isEmpty(Lscala/collection/Iterator;)Z @ 1
Event: 463.819 Thread 0x00007f3864032800 Uncommon trap: reason=class_check action=maybe_recompile pc=0x00007f38734a4660 method=scala.collection.Iterator$class.isEmpty(Lscala/collection/Iterator;)Z @ 1
Event: 463.821 Thread 0x00007f3864032800 Uncommon trap: reason=class_check action=maybe_recompile pc=0x00007f38734a4660 method=scala.collection.Iterator$class.isEmpty(Lscala/collection/Iterator;)Z @ 1
Event: 463.824 Thread 0x00007f386c0a3800 Uncommon trap: reason=class_check action=maybe_recompile pc=0x00007f38734a4660 method=scala.collection.Iterator$class.isEmpty(Lscala/collection/Iterator;)Z @ 1
Event: 466.178 Thread 0x00007f385035c800 Uncommon trap: reason=unstable_if action=reinterpret pc=0x00007f3872c2b7b4 method=scala.collection.mutable.ArrayBuilder$ofInt.sizeHint(I)V @ 5

Classes redefined (0 events):
No events

Internal exceptions (10 events):
Event: 299.275 Thread 0x00007f385035c800 Exception <a 'java/lang/NoSuchMethodError': <clinit>> (0x00000000c68237c0) thrown at [/build/openjdk-8-g3XteX/openjdk-8-8u222-b10/src/hotspot/src/share/vm/prims/jni.cpp, line 1615]
Event: 299.275 Thread 0x00007f385035c800 Exception <a 'java/lang/NoSuchMethodError': <clinit>> (0x00000000c6840618) thrown at [/build/openjdk-8-g3XteX/openjdk-8-8u222-b10/src/hotspot/src/share/vm/prims/jni.cpp, line 1615]
Event: 299.275 Thread 0x00007f385035c800 Exception <a 'java/lang/NoSuchMethodError': <clinit>> (0x00000000c684b168) thrown at [/build/openjdk-8-g3XteX/openjdk-8-8u222-b10/src/hotspot/src/share/vm/prims/jni.cpp, line 1615]
Event: 299.276 Thread 0x00007f385035c800 Exception <a 'java/lang/NoSuchMethodError': <clinit>> (0x00000000c6868d48) thrown at [/build/openjdk-8-g3XteX/openjdk-8-8u222-b10/src/hotspot/src/share/vm/prims/jni.cpp, line 1615]
Event: 299.277 Thread 0x00007f385035c800 Exception <a 'java/lang/NoSuchMethodError': <clinit>> (0x00000000c6882fb8) thrown at [/build/openjdk-8-g3XteX/openjdk-8-8u222-b10/src/hotspot/src/share/vm/prims/jni.cpp, line 1615]
Event: 299.291 Thread 0x00007f385035c800 Exception <a 'java/lang/NoSuchMethodError': <clinit>> (0x00000000c68c5dd8) thrown at [/build/openjdk-8-g3XteX/openjdk-8-8u222-b10/src/hotspot/src/share/vm/prims/jni.cpp, line 1615]
Event: 299.291 Thread 0x00007f385035c800 Exception <a 'java/lang/NoSuchMethodError': <clinit>> (0x00000000c68ccbe0) thrown at [/build/openjdk-8-g3XteX/openjdk-8-8u222-b10/src/hotspot/src/share/vm/prims/jni.cpp, line 1615]
Event: 299.292 Thread 0x00007f385035c800 Exception <a 'java/lang/NoSuchMethodError': <clinit>> (0x00000000c68dd248) thrown at [/build/openjdk-8-g3XteX/openjdk-8-8u222-b10/src/hotspot/src/share/vm/prims/jni.cpp, line 1615]
Event: 324.884 Thread 0x00007f385035c800 Exception <a 'java/lang/NoSuchMethodError': <clinit>> (0x00000000c3d15e58) thrown at [/build/openjdk-8-g3XteX/openjdk-8-8u222-b10/src/hotspot/src/share/vm/prims/jni.cpp, line 1615]
Event: 324.885 Thread 0x00007f385035c800 Exception <a 'java/lang/NoSuchMethodError': <clinit>> (0x00000000c3d44880) thrown at [/build/openjdk-8-g3XteX/openjdk-8-8u222-b10/src/hotspot/src/share/vm/prims/jni.cpp, line 1615]

Events (10 events):
Event: 524.491 Executing VM operation: GenCollectForAllocation done
Event: 524.690 Executing VM operation: GenCollectForAllocation
Event: 524.701 Executing VM operation: GenCollectForAllocation done
Event: 524.860 Executing VM operation: GenCollectForAllocation
Event: 524.879 Executing VM operation: GenCollectForAllocation done
Event: 525.045 Executing VM operation: GenCollectForAllocation
Event: 525.050 Executing VM operation: GenCollectForAllocation done
Event: 525.247 loading class org/apache/spark/util/collection/unsafe/sort/UnsafeInMemorySorter$1
Event: 525.247 loading class org/apache/spark/util/collection/unsafe/sort/UnsafeInMemorySorter$1 done
Event: 525.262 Executing VM operation: GenCollectForAllocation


Dynamic libraries:
00400000-00401000 r-xp 00000000 ca:01 286273                             /usr/lib/jvm/java-8-openjdk-amd64/jre/bin/java
00600000-00601000 r--p 00000000 ca:01 286273                             /usr/lib/jvm/java-8-openjdk-amd64/jre/bin/java
00601000-00602000 rw-p 00001000 ca:01 286273                             /usr/lib/jvm/java-8-openjdk-amd64/jre/bin/java
010f7000-011af000 rw-p 00000000 00:00 0                                  [heap]
c0000000-ca340000 rw-p 00000000 00:00 0 
ca340000-d5550000 ---p 00000000 00:00 0 
d5550000-e9c38000 rw-p 00000000 00:00 0 
eb91f000-100000000 ---p 00000000 00:00 0 
100000000-100bd6000 rw-p 00000000 00:00 0 
100bd6000-140000000 ---p 00000000 00:00 0 
7f3846142000-7f3846202000 rw-p 00000000 00:00 0 
7f3846202000-7f3846342000 ---p 00000000 00:00 0 
7f3846342000-7f3846542000 rw-p 00000000 00:00 0 
7f3846542000-7f3846742000 rw-p 00000000 00:00 0 
7f3846742000-7f3846745000 ---p 00000000 00:00 0 
7f3846745000-7f3846843000 rw-p 00000000 00:00 0 
7f3846843000-7f3846846000 ---p 00000000 00:00 0 
7f3846846000-7f3846944000 rw-p 00000000 00:00 0 
7f3846944000-7f3846947000 ---p 00000000 00:00 0 
7f3846947000-7f3846c45000 rw-p 00000000 00:00 0 
7f3846c45000-7f3846c48000 ---p 00000000 00:00 0 
7f3846c48000-7f3846d46000 rw-p 00000000 00:00 0 
7f3846d46000-7f3846d49000 ---p 00000000 00:00 0 
7f3846d49000-7f3846e47000 rw-p 00000000 00:00 0 
7f3846e47000-7f3846e4a000 ---p 00000000 00:00 0 
7f3846e4a000-7f3846f48000 rw-p 00000000 00:00 0 
7f3846f48000-7f3846f4b000 ---p 00000000 00:00 0 
7f3846f4b000-7f3847049000 rw-p 00000000 00:00 0 
7f3847049000-7f384704c000 ---p 00000000 00:00 0 
7f384704c000-7f384714a000 rw-p 00000000 00:00 0 
7f384714a000-7f384714d000 ---p 00000000 00:00 0 
7f384714d000-7f384724b000 rw-p 00000000 00:00 0 
7f384724b000-7f384724e000 ---p 00000000 00:00 0 
7f384724e000-7f384754c000 rw-p 00000000 00:00 0 
7f384754c000-7f384754f000 ---p 00000000 00:00 0 
7f384754f000-7f384764d000 rw-p 00000000 00:00 0 
7f384764d000-7f3847650000 ---p 00000000 00:00 0 
7f3847650000-7f384774e000 rw-p 00000000 00:00 0 
7f384774e000-7f3847751000 ---p 00000000 00:00 0 
7f3847751000-7f384784f000 rw-p 00000000 00:00 0 
7f384784f000-7f3847852000 ---p 00000000 00:00 0 
7f3847852000-7f3847950000 rw-p 00000000 00:00 0 
7f3847950000-7f3847953000 ---p 00000000 00:00 0 
7f3847953000-7f3847a51000 rw-p 00000000 00:00 0 
7f3847a51000-7f3847a54000 ---p 00000000 00:00 0 
7f3847a54000-7f3847b52000 rw-p 00000000 00:00 0 
7f3847b52000-7f3847b55000 ---p 00000000 00:00 0 
7f3847b55000-7f3847e53000 rw-p 00000000 00:00 0 
7f3847e53000-7f3847e56000 ---p 00000000 00:00 0 
7f3847e56000-7f3847f54000 rw-p 00000000 00:00 0 
7f3847f54000-7f3847f57000 ---p 00000000 00:00 0 
7f3847f57000-7f3848055000 rw-p 00000000 00:00 0 
7f3848055000-7f3848058000 ---p 00000000 00:00 0 
7f3848058000-7f3848156000 rw-p 00000000 00:00 0 
7f3848156000-7f3848159000 ---p 00000000 00:00 0 
7f3848159000-7f3848257000 rw-p 00000000 00:00 0 
7f3848257000-7f384825a000 ---p 00000000 00:00 0 
7f384825a000-7f3848358000 rw-p 00000000 00:00 0 
7f3848358000-7f384835b000 ---p 00000000 00:00 0 
7f384835b000-7f3848659000 rw-p 00000000 00:00 0 
7f3848659000-7f384865c000 ---p 00000000 00:00 0 
7f384865c000-7f384895a000 rw-p 00000000 00:00 0 
7f384895a000-7f384895d000 ---p 00000000 00:00 0 
7f384895d000-7f3848a5b000 rw-p 00000000 00:00 0 
7f3848a5b000-7f3848a5e000 ---p 00000000 00:00 0 
7f3848a5e000-7f3848b5c000 rw-p 00000000 00:00 0 
7f3848b5c000-7f3848b5f000 ---p 00000000 00:00 0 
7f3848b5f000-7f3848c5d000 rw-p 00000000 00:00 0 
7f3848c5d000-7f3848c60000 ---p 00000000 00:00 0 
7f3848c60000-7f3848f5e000 rw-p 00000000 00:00 0 
7f3848f5e000-7f3848f61000 ---p 00000000 00:00 0 
7f3848f61000-7f384925f000 rw-p 00000000 00:00 0 
7f384925f000-7f384945f000 rw-p 00000000 00:00 0 
7f384945f000-7f384965f000 rw-p 00000000 00:00 0 
7f384965f000-7f384985f000 rw-p 00000000 00:00 0 
7f384985f000-7f3849a5f000 rw-p 00000000 00:00 0 
7f3849a5f000-7f3849a62000 ---p 00000000 00:00 0 
7f3849a62000-7f3849d60000 rw-p 00000000 00:00 0 
7f3849d60000-7f3849f60000 rw-p 00000000 00:00 0 
7f3849f60000-7f384a160000 rw-p 00000000 00:00 0 
7f384a160000-7f384a360000 rw-p 00000000 00:00 0 
7f384a360000-7f384a560000 rw-p 00000000 00:00 0 
7f384a560000-7f384a760000 rw-p 00000000 00:00 0 
7f384a760000-7f384a763000 ---p 00000000 00:00 0 
7f384a763000-7f384a861000 rw-p 00000000 00:00 0 
7f384a861000-7f384a864000 ---p 00000000 00:00 0 
7f384a864000-7f384a962000 rw-p 00000000 00:00 0 
7f384a962000-7f384a965000 ---p 00000000 00:00 0 
7f384a965000-7f384aa63000 rw-p 00000000 00:00 0 
7f384aa63000-7f384aa66000 ---p 00000000 00:00 0 
7f384aa66000-7f384ab64000 rw-p 00000000 00:00 0 
7f384ab64000-7f384ab67000 ---p 00000000 00:00 0 
7f384ab67000-7f384ac65000 rw-p 00000000 00:00 0 
7f384ac65000-7f384ac68000 ---p 00000000 00:00 0 
7f384ac68000-7f384af66000 rw-p 00000000 00:00 0 
7f384af66000-7f384af69000 ---p 00000000 00:00 0 
7f384af69000-7f384b267000 rw-p 00000000 00:00 0 
7f384b267000-7f384b274000 r-xp 00000000 ca:01 55584                      /tmp/liblz4-java9141683764239150463.so
7f384b274000-7f384b473000 ---p 0000d000 ca:01 55584                      /tmp/liblz4-java9141683764239150463.so
7f384b473000-7f384b474000 rw-p 0000c000 ca:01 55584                      /tmp/liblz4-java9141683764239150463.so
7f384b474000-7f384b674000 rw-p 00000000 00:00 0 
7f384b674000-7f384b677000 ---p 00000000 00:00 0 
7f384b677000-7f384b775000 rw-p 00000000 00:00 0 
7f384b7ef000-7f384b7f2000 ---p 00000000 00:00 0 
7f384b7f2000-7f384baf0000 rw-p 00000000 00:00 0 
7f384baf0000-7f384bcf0000 rw-p 00000000 00:00 0 
7f384bcf0000-7f384bef0000 rw-p 00000000 00:00 0 
7f384bef0000-7f384bef3000 ---p 00000000 00:00 0 
7f384bef3000-7f384bff1000 rw-p 00000000 00:00 0 
7f384bff1000-7f384bff4000 ---p 00000000 00:00 0 
7f384bff4000-7f384c0f2000 rw-p 00000000 00:00 0 
7f384c0f2000-7f384c0f5000 ---p 00000000 00:00 0 
7f384c0f5000-7f384c3f3000 rw-p 00000000 00:00 0 
7f384c3f3000-7f384c3f6000 ---p 00000000 00:00 0 
7f384c3f6000-7f384c4f4000 rw-p 00000000 00:00 0 
7f384c4f4000-7f384c4f7000 ---p 00000000 00:00 0 
7f384c4f7000-7f384c5f5000 rw-p 00000000 00:00 0 
7f384c5f5000-7f384c5f8000 ---p 00000000 00:00 0 
7f384c5f8000-7f384c6f6000 rw-p 00000000 00:00 0 
7f384c6f6000-7f384c6f9000 ---p 00000000 00:00 0 
7f384c6f9000-7f384c7f7000 rw-p 00000000 00:00 0 
7f384c7f7000-7f384c7fa000 ---p 00000000 00:00 0 
7f384c7fa000-7f384c8f8000 rw-p 00000000 00:00 0 
7f384c8f8000-7f384c8fb000 ---p 00000000 00:00 0 
7f384c8fb000-7f384c9f9000 rw-p 00000000 00:00 0 
7f384c9f9000-7f384c9fc000 ---p 00000000 00:00 0 
7f384c9fc000-7f384cafa000 rw-p 00000000 00:00 0 
7f384cafa000-7f384cafd000 ---p 00000000 00:00 0 
7f384cafd000-7f384cbfb000 rw-p 00000000 00:00 0 
7f384cbfb000-7f384cbfe000 ---p 00000000 00:00 0 
7f384cbfe000-7f384ccfc000 rw-p 00000000 00:00 0 
7f384ccfc000-7f384ccff000 ---p 00000000 00:00 0 
7f384ccff000-7f384cdfd000 rw-p 00000000 00:00 0 
7f384cdfd000-7f384ce00000 ---p 00000000 00:00 0 
7f384ce00000-7f384cefe000 rw-p 00000000 00:00 0 
7f384cefe000-7f384cf01000 ---p 00000000 00:00 0 
7f384cf01000-7f3850000000 rw-p 00000000 00:00 0 
7f3850000000-7f38518ae000 rw-p 00000000 00:00 0 
7f38518ae000-7f3854000000 ---p 00000000 00:00 0 
7f3854000000-7f38540fa000 rw-p 00000000 00:00 0 
7f38540fa000-7f3858000000 ---p 00000000 00:00 0 
7f3858000000-7f3858088000 rw-p 00000000 00:00 0 
7f3858088000-7f385c000000 ---p 00000000 00:00 0 
7f385c000000-7f385f7b0000 rw-p 00000000 00:00 0 
7f385f7b0000-7f3860000000 ---p 00000000 00:00 0 
7f3860000000-7f3860060000 rw-p 00000000 00:00 0 
7f3860060000-7f3864000000 ---p 00000000 00:00 0 
7f3864000000-7f38640b8000 rw-p 00000000 00:00 0 
7f38640b8000-7f3868000000 ---p 00000000 00:00 0 
7f38680e2000-7f38680e5000 ---p 00000000 00:00 0 
7f38680e5000-7f38681e3000 rw-p 00000000 00:00 0 
7f38681e3000-7f38681e6000 ---p 00000000 00:00 0 
7f38681e6000-7f38684e4000 rw-p 00000000 00:00 0 
7f38684e4000-7f38684e7000 ---p 00000000 00:00 0 
7f38684e7000-7f38687e5000 rw-p 00000000 00:00 0 
7f38687e5000-7f38687e8000 ---p 00000000 00:00 0 
7f38687e8000-7f38688e6000 rw-p 00000000 00:00 0 
7f38688e6000-7f38688e9000 ---p 00000000 00:00 0 
7f38688e9000-7f38689e7000 rw-p 00000000 00:00 0 
7f38689e7000-7f38689ea000 ---p 00000000 00:00 0 
7f38689ea000-7f3868ae8000 rw-p 00000000 00:00 0 
7f3868ae8000-7f3868aeb000 ---p 00000000 00:00 0 
7f3868aeb000-7f3868be9000 rw-p 00000000 00:00 0 
7f3868be9000-7f3868bec000 ---p 00000000 00:00 0 
7f3868bec000-7f3868cea000 rw-p 00000000 00:00 0 
7f3868cea000-7f3868ced000 ---p 00000000 00:00 0 
7f3868ced000-7f3868deb000 rw-p 00000000 00:00 0 
7f3868deb000-7f3868dee000 ---p 00000000 00:00 0 
7f3868dee000-7f3868eec000 rw-p 00000000 00:00 0 
7f3868eec000-7f3868eef000 ---p 00000000 00:00 0 
7f3868eef000-7f3868fed000 rw-p 00000000 00:00 0 
7f3868fed000-7f3868ff0000 ---p 00000000 00:00 0 
7f3868ff0000-7f38690ee000 rw-p 00000000 00:00 0 
7f38690ee000-7f38690ff000 r-xp 00000000 ca:01 286360                     /usr/lib/jvm/java-8-openjdk-amd64/jre/lib/amd64/libnio.so
7f38690ff000-7f38692fe000 ---p 00011000 ca:01 286360                     /usr/lib/jvm/java-8-openjdk-amd64/jre/lib/amd64/libnio.so
7f38692fe000-7f38692ff000 r--p 00010000 ca:01 286360                     /usr/lib/jvm/java-8-openjdk-amd64/jre/lib/amd64/libnio.so
7f38692ff000-7f3869300000 rw-p 00011000 ca:01 286360                     /usr/lib/jvm/java-8-openjdk-amd64/jre/lib/amd64/libnio.so
7f3869300000-7f3869500000 rw-p 00000000 00:00 0 
7f3869500000-7f3869513000 r--s 00346000 ca:01 286377                     /usr/lib/jvm/java-8-openjdk-amd64/jre/lib/resources.jar
7f3869513000-7f3869516000 ---p 00000000 00:00 0 
7f3869516000-7f3869814000 rw-p 00000000 00:00 0 
7f3869814000-7f386982b000 r-xp 00000000 ca:01 1984                       /lib/x86_64-linux-gnu/libresolv-2.23.so
7f386982b000-7f3869a2b000 ---p 00017000 ca:01 1984                       /lib/x86_64-linux-gnu/libresolv-2.23.so
7f3869a2b000-7f3869a2c000 r--p 00017000 ca:01 1984                       /lib/x86_64-linux-gnu/libresolv-2.23.so
7f3869a2c000-7f3869a2d000 rw-p 00018000 ca:01 1984                       /lib/x86_64-linux-gnu/libresolv-2.23.so
7f3869a2d000-7f3869a2f000 rw-p 00000000 00:00 0 
7f3869a2f000-7f3869a34000 r-xp 00000000 ca:01 1990                       /lib/x86_64-linux-gnu/libnss_dns-2.23.so
7f3869a34000-7f3869c34000 ---p 00005000 ca:01 1990                       /lib/x86_64-linux-gnu/libnss_dns-2.23.so
7f3869c34000-7f3869c35000 r--p 00005000 ca:01 1990                       /lib/x86_64-linux-gnu/libnss_dns-2.23.so
7f3869c35000-7f3869c36000 rw-p 00006000 ca:01 1990                       /lib/x86_64-linux-gnu/libnss_dns-2.23.so
7f3869c37000-7f3869c39000 r--s 00016000 ca:01 286312                     /usr/lib/jvm/java-8-openjdk-amd64/jre/lib/jce.jar
7f3869c39000-7f3869c3e000 r--s 000a3000 ca:01 286376                     /usr/lib/jvm/java-8-openjdk-amd64/jre/lib/jsse.jar
7f3869c3e000-7f3869c3f000 r-xp 00000000 ca:01 286366                     /usr/lib/jvm/java-8-openjdk-amd64/jre/lib/amd64/libjaas_unix.so
7f3869c3f000-7f3869e3e000 ---p 00001000 ca:01 286366                     /usr/lib/jvm/java-8-openjdk-amd64/jre/lib/amd64/libjaas_unix.so
7f3869e3e000-7f3869e3f000 r--p 00000000 ca:01 286366                     /usr/lib/jvm/java-8-openjdk-amd64/jre/lib/amd64/libjaas_unix.so
7f3869e3f000-7f3869e40000 rw-p 00001000 ca:01 286366                     /usr/lib/jvm/java-8-openjdk-amd64/jre/lib/amd64/libjaas_unix.so
7f3869e40000-7f3869e43000 ---p 00000000 00:00 0 
7f3869e43000-7f3869f41000 rw-p 00000000 00:00 0 
7f3869f41000-7f3869f44000 ---p 00000000 00:00 0 
7f3869f44000-7f386a17a000 rw-p 00000000 00:00 0 
7f386a17a000-7f386a37a000 rw-p 00000000 00:00 0 
7f386a37a000-7f386a383000 r-xp 00000000 ca:01 286338                     /usr/lib/jvm/java-8-openjdk-amd64/jre/lib/amd64/libmanagement.so
7f386a383000-7f386a582000 ---p 00009000 ca:01 286338                     /usr/lib/jvm/java-8-openjdk-amd64/jre/lib/amd64/libmanagement.so
7f386a582000-7f386a583000 r--p 00008000 ca:01 286338                     /usr/lib/jvm/java-8-openjdk-amd64/jre/lib/amd64/libmanagement.so
7f386a583000-7f386a584000 rw-p 00009000 ca:01 286338                     /usr/lib/jvm/java-8-openjdk-amd64/jre/lib/amd64/libmanagement.so
7f386a584000-7f386a587000 ---p 00000000 00:00 0 
7f386a587000-7f386a685000 rw-p 00000000 00:00 0 
7f386a685000-7f386a688000 ---p 00000000 00:00 0 
7f386a688000-7f386a986000 rw-p 00000000 00:00 0 
7f386a986000-7f386a989000 ---p 00000000 00:00 0 
7f386a989000-7f386aa87000 rw-p 00000000 00:00 0 
7f386aa87000-7f386aa9d000 r-xp 00000000 ca:01 286343                     /usr/lib/jvm/java-8-openjdk-amd64/jre/lib/amd64/libnet.so
7f386aa9d000-7f386ac9d000 ---p 00016000 ca:01 286343                     /usr/lib/jvm/java-8-openjdk-amd64/jre/lib/amd64/libnet.so
7f386ac9d000-7f386ac9e000 r--p 00016000 ca:01 286343                     /usr/lib/jvm/java-8-openjdk-amd64/jre/lib/amd64/libnet.so
7f386ac9e000-7f386ac9f000 rw-p 00017000 ca:01 286343                     /usr/lib/jvm/java-8-openjdk-amd64/jre/lib/amd64/libnet.so
7f386ac9f000-7f386aca2000 r--s 00015000 ca:01 261533                     /home/ubuntu/spark-2.1.1-bin-hadoop2.7/jars/javax.servlet-api-3.1.0.jar
7f386aca2000-7f386acce000 r--s 001c9000 ca:01 261798                     /home/ubuntu/spark-2.1.1-bin-hadoop2.7/jars/shapeless_2.11-2.0.0.jar
7f386acce000-7f386acd9000 r--s 000b0000 ca:01 261731                     /home/ubuntu/spark-2.1.1-bin-hadoop2.7/jars/jtransforms-2.4.0.jar
7f386acd9000-7f386acdf000 r--s 00043000 ca:01 261858                     /home/ubuntu/spark-2.1.1-bin-hadoop2.7/jars/commons-configuration-1.6.jar
7f386acdf000-7f386ace3000 r--s 00019000 ca:01 261784                     /home/ubuntu/spark-2.1.1-bin-hadoop2.7/jars/javax.ws.rs-api-2.0.1.jar
7f386ace3000-7f386ace5000 r--s 00009000 ca:01 261839                     /home/ubuntu/spark-2.1.1-bin-hadoop2.7/jars/commons-cli-1.2.jar
7f386ace5000-7f386acef000 r--s 00095000 ca:01 261728                     /home/ubuntu/spark-2.1.1-bin-hadoop2.7/jars/scala-xml_2.11-1.0.2.jar
7f386acef000-7f386acf4000 r--s 00031000 ca:01 261744                     /home/ubuntu/spark-2.1.1-bin-hadoop2.7/jars/parquet-hadoop-1.8.1.jar
7f386acf4000-7f386acf8000 r--s 00020000 ca:01 261720                     /home/ubuntu/spark-2.1.1-bin-hadoop2.7/jars/commons-digester-1.8.jar
7f386acf8000-7f386acfa000 r--s 00027000 ca:01 261790                     /home/ubuntu/spark-2.1.1-bin-hadoop2.7/jars/core-1.1.2.jar
7f386acfa000-7f386ad11000 r--s 00183000 ca:01 261753                     /home/ubuntu/spark-2.1.1-bin-hadoop2.7/jars/hadoop-yarn-common-2.7.3.jar
7f386ad11000-7f386ad12000 r--s 00004000 ca:01 261711                     /home/ubuntu/spark-2.1.1-bin-hadoop2.7/jars/eigenbase-properties-1.1.5.jar
7f386ad12000-7f386ad18000 r--s 00044000 ca:01 261763                     /home/ubuntu/spark-2.1.1-bin-hadoop2.7/jars/antlr4-runtime-4.5.3.jar
7f386ad18000-7f386ad1a000 r--s 0000b000 ca:01 261840                     /home/ubuntu/spark-2.1.1-bin-hadoop2.7/jars/chill-java-0.8.0.jar
7f386ad1a000-7f386ad24000 r--s 00086000 ca:01 261718                     /home/ubuntu/spark-2.1.1-bin-hadoop2.7/jars/json4s-core_2.11-3.2.11.jar
7f386ad24000-7f386ad26000 r--s 0000f000 ca:01 261566                     /home/ubuntu/spark-2.1.1-bin-hadoop2.7/jars/activation-1.1.1.jar
7f386ad26000-7f386ad2a000 r--s 00031000 ca:01 261583                     /home/ubuntu/spark-2.1.1-bin-hadoop2.7/jars/jline-2.12.1.jar
7f386ad2a000-7f386ad30000 r--s 00028000 ca:01 261745                     /home/ubuntu/spark-2.1.1-bin-hadoop2.7/jars/curator-framework-2.6.0.jar
7f386ad30000-7f386ad3d000 r--s 000b1000 ca:01 261545                     /home/ubuntu/spark-2.1.1-bin-hadoop2.7/jars/hadoop-mapreduce-client-common-2.7.3.jar
7f386ad3d000-7f386ad3f000 r--s 00009000 ca:01 261758                     /home/ubuntu/spark-2.1.1-bin-hadoop2.7/jars/jackson-module-paranamer-2.6.5.jar
7f386ad3f000-7f386ad40000 r--s 00009000 ca:01 261845                     /home/ubuntu/spark-2.1.1-bin-hadoop2.7/jars/slf4j-api-1.7.16.jar
7f386ad40000-7f386ad41000 r--s 00004000 ca:01 261710                     /home/ubuntu/spark-2.1.1-bin-hadoop2.7/jars/jackson-jaxrs-1.9.13.jar
7f386ad41000-7f386ad43000 r--s 00012000 ca:01 261803                     /home/ubuntu/spark-2.1.1-bin-hadoop2.7/jars/api-util-1.0.0-M20.jar
7f386ad43000-7f386ad4b000 r--s 00066000 ca:01 261732                     /home/ubuntu/spark-2.1.1-bin-hadoop2.7/jars/apache-log4j-extras-1.2.17.jar
7f386ad4b000-7f386ad4d000 r--s 00004000 ca:01 261587                     /home/ubuntu/spark-2.1.1-bin-hadoop2.7/jars/stax-api-1.0-2.jar
7f386ad4d000-7f386ad5b000 r--s 00078000 ca:01 261756                     /home/ubuntu/spark-2.1.1-bin-hadoop2.7/jars/spark-mesos_2.11-2.1.1.jar
7f386ad5b000-7f386ad89000 r--s 00212000 ca:01 261712                     /home/ubuntu/spark-2.1.1-bin-hadoop2.7/jars/spark-network-common_2.11-2.1.1.jar
7f386ad89000-7f386ad91000 r--s 0006e000 ca:01 261765                     /home/ubuntu/spark-2.1.1-bin-hadoop2.7/jars/commons-lang3-3.5.jar
7f386ad91000-7f386ad92000 r--s 00009000 ca:01 261830                     /home/ubuntu/spark-2.1.1-bin-hadoop2.7/jars/hive-cli-1.2.1.spark2.jar
7f386ad92000-7f386ada8000 r--s 001a4000 ca:01 261613                     /home/ubuntu/spark-2.1.1-bin-hadoop2.7/jars/datanucleus-rdbms-3.2.9.jar
7f386ada8000-7f386adb9000 r--s 0010d000 ca:01 261714                     /home/ubuntu/spark-2.1.1-bin-hadoop2.7/jars/jackson-databind-2.6.5.jar
7f386adb9000-7f386adbb000 r--s 0000a000 ca:01 261612                     /home/ubuntu/spark-2.1.1-bin-hadoop2.7/jars/spark-unsafe_2.11-2.1.1.jar
7f386adbb000-7f386addf000 r--s 001cd000 ca:01 261855                     /home/ubuntu/spark-2.1.1-bin-hadoop2.7/jars/commons-math3-3.4.1.jar
7f386addf000-7f386ade3000 r--s 0002a000 ca:01 261747                     /home/ubuntu/spark-2.1.1-bin-hadoop2.7/jars/commons-io-2.4.jar
7f386ade3000-7f386adeb000 r--s 00059000 ca:01 261611                     /home/ubuntu/spark-2.1.1-bin-hadoop2.7/jars/javolution-5.5.1.jar
7f386adeb000-7f386adec000 r--s 00003000 ca:01 261568                     /home/ubuntu/spark-2.1.1-bin-hadoop2.7/jars/jta-1.1.jar
7f386adec000-7f386adef000 r--s 00009000 ca:01 261751                     /home/ubuntu/spark-2.1.1-bin-hadoop2.7/jars/jackson-annotations-2.6.5.jar
7f386adef000-7f386ae63000 r--s 00574000 ca:01 261739                     /home/ubuntu/spark-2.1.1-bin-hadoop2.7/jars/spark-mllib_2.11-2.1.1.jar
7f386ae63000-7f386ae7e000 r--s 001d8000 ca:01 261572                     /home/ubuntu/spark-2.1.1-bin-hadoop2.7/jars/jets3t-0.9.3.jar
7f386ae7e000-7f386af09000 r--s 0069e000 ca:01 261713                     /home/ubuntu/spark-2.1.1-bin-hadoop2.7/jars/spark-catalyst_2.11-2.1.1.jar
7f386af09000-7f386af0e000 r--s 0002a000 ca:01 261576                     /home/ubuntu/spark-2.1.1-bin-hadoop2.7/jars/commons-beanutils-1.7.0.jar
7f386af0e000-7f386af10000 r--s 00006000 ca:01 261588                     /home/ubuntu/spark-2.1.1-bin-hadoop2.7/jars/paranamer-2.3.jar
7f386af10000-7f386af14000 r--s 0002c000 ca:01 261748                     /home/ubuntu/spark-2.1.1-bin-hadoop2.7/jars/avro-ipc-1.7.7.jar
7f386af14000-7f386af15000 r--s 00003000 ca:01 261594                     /home/ubuntu/spark-2.1.1-bin-hadoop2.7/jars/xmlenc-0.52.jar
7f386af15000-7f386af32000 r--s 001d5000 ca:01 261860                     /home/ubuntu/spark-2.1.1-bin-hadoop2.7/jars/hadoop-yarn-api-2.7.3.jar
7f386af32000-7f386af33000 r--s 00004000 ca:01 261716                     /home/ubuntu/spark-2.1.1-bin-hadoop2.7/jars/opencsv-2.3.jar
7f386af33000-7f386af37000 r--s 00014000 ca:01 261856                     /home/ubuntu/spark-2.1.1-bin-hadoop2.7/jars/xz-1.0.jar
7f386af37000-7f386af3a000 r--s 000fd000 ca:01 261604                     /home/ubuntu/spark-2.1.1-bin-hadoop2.7/jars/leveldbjni-all-1.8.jar
7f386af3a000-7f386af40000 r--s 00063000 ca:01 261849                     /home/ubuntu/spark-2.1.1-bin-hadoop2.7/jars/jodd-core-3.5.2.jar
7f386af40000-7f386af44000 r--s 00030000 ca:01 261532                     /home/ubuntu/spark-2.1.1-bin-hadoop2.7/jars/commons-net-2.2.jar
7f386af44000-7f386af48000 r--s 00028000 ca:01 261608                     /home/ubuntu/spark-2.1.1-bin-hadoop2.7/jars/spark-mllib-local_2.11-2.1.1.jar
7f386af48000-7f386af4f000 r--s 0007d000 ca:01 261722                     /home/ubuntu/spark-2.1.1-bin-hadoop2.7/jars/jetty-6.1.26.jar
7f386af4f000-7f386af52000 r--s 0002f000 ca:01 261546                     /home/ubuntu/spark-2.1.1-bin-hadoop2.7/jars/RoaringBitmap-0.5.11.jar
7f386af52000-7f386af53000 r--s 00004000 ca:01 261866                     /home/ubuntu/spark-2.1.1-bin-hadoop2.7/jars/osgi-resource-locator-1.0.1.jar
7f386af53000-7f386af74000 r--s 0019b000 ca:01 261796                     /home/ubuntu/spark-2.1.1-bin-hadoop2.7/jars/spark-hive-thriftserver_2.11-2.1.1.jar
7f386af74000-7f386af79000 r--s 00041000 ca:01 261740                     /home/ubuntu/spark-2.1.1-bin-hadoop2.7/jars/commons-lang-2.6.jar
7f386af79000-7f386af7b000 r--s 00020000 ca:01 261749                     /home/ubuntu/spark-2.1.1-bin-hadoop2.7/jars/hive-beeline-1.2.1.spark2.jar
7f386af7b000-7f386af82000 r--s 00049000 ca:01 261736                     /home/ubuntu/spark-2.1.1-bin-hadoop2.7/jars/httpcore-4.4.4.jar
7f386af82000-7f386af84000 r--s 00014000 ca:01 261717                     /home/ubuntu/spark-2.1.1-bin-hadoop2.7/jars/spire-macros_2.11-0.7.4.jar
7f386af84000-7f386af85000 r--s 00001000 ca:01 261621                     /home/ubuntu/spark-2.1.1-bin-hadoop2.7/jars/pmml-schema-1.2.15.jar
7f386af85000-7f386af89000 r--s 00028000 ca:01 261573                     /home/ubuntu/spark-2.1.1-bin-hadoop2.7/jars/jetty-util-6.1.26.jar
7f386af89000-7f386af8c000 r--s 00006000 ca:01 261721                     /home/ubuntu/spark-2.1.1-bin-hadoop2.7/jars/jsr305-1.3.9.jar
7f386af8c000-7f386af93000 r--s 0005d000 ca:01 261793                     /home/ubuntu/spark-2.1.1-bin-hadoop2.7/jars/mx4j-3.0.2.jar
7f386af93000-7f386af95000 r--s 0000e000 ca:01 261821                     /home/ubuntu/spark-2.1.1-bin-hadoop2.7/jars/guice-servlet-3.0.jar
7f386af95000-7f386af9d000 r--s 0007b000 ca:01 261737                     /home/ubuntu/spark-2.1.1-bin-hadoop2.7/jars/protobuf-java-2.5.0.jar
7f386af9d000-7f386afa6000 r--s 00062000 ca:01 261580                     /home/ubuntu/spark-2.1.1-bin-hadoop2.7/jars/avro-1.7.7.jar
7f386afa6000-7f386afa8000 r--s 00003000 ca:01 261733                     /home/ubuntu/spark-2.1.1-bin-hadoop2.7/jars/jcl-over-slf4j-1.7.16.jar
7f386afa8000-7f386b078000 r--s 00cf0000 ca:01 261540                     /home/ubuntu/spark-2.1.1-bin-hadoop2.7/jars/breeze_2.11-0.12.jar
7f386b078000-7f386b079000 r--s 00002000 ca:01 261619                     /home/ubuntu/spark-2.1.1-bin-hadoop2.7/jars/slf4j-log4j12-1.7.16.jar
7f386b079000-7f386b07b000 r--s 00006000 ca:01 261578                     /home/ubuntu/spark-2.1.1-bin-hadoop2.7/jars/spark-sketch_2.11-2.1.1.jar
7f386b07b000-7f386b080000 r--s 00068000 ca:01 261791                     /home/ubuntu/spark-2.1.1-bin-hadoop2.7/jars/antlr-2.7.7.jar
7f386b080000-7f386b082000 r--s 00000000 ca:01 261759                     /home/ubuntu/spark-2.1.1-bin-hadoop2.7/jars/aopalliance-1.0.jar
7f386b082000-7f386b084000 r--s 00012000 ca:01 261730                     /home/ubuntu/spark-2.1.1-bin-hadoop2.7/jars/compress-lzf-1.0.3.jar
7f386b084000-7f386b091000 r--s 0009e000 ca:01 261822                     /home/ubuntu/spark-2.1.1-bin-hadoop2.7/jars/spark-graphx_2.11-2.1.1.jar
7f386b091000-7f386b096000 r--s 00028000 ca:01 261841                     /home/ubuntu/spark-2.1.1-bin-hadoop2.7/jars/avro-mapred-1.7.7-hadoop2.jar
7f386b096000-7f386b0ac000 r--s 00124000 ca:01 261833                     /home/ubuntu/spark-2.1.1-bin-hadoop2.7/jars/ivy-2.4.0.jar
7f386b0ac000-7f386b0b4000 r--s 00078000 ca:01 261805                     /home/ubuntu/spark-2.1.1-bin-hadoop2.7/jars/mail-1.4.7.jar
7f386b0b4000-7f386b0b9000 r--s 0004e000 ca:01 261582                     /home/ubuntu/spark-2.1.1-bin-hadoop2.7/jars/datanucleus-api-jdo-3.2.6.jar
7f386b0b9000-7f386b191000 r--s 00a88000 ca:01 261543                     /home/ubuntu/spark-2.1.1-bin-hadoop2.7/jars/spark-core_2.11-2.1.1.jar
7f386b191000-7f386b1a9000 r--s 001b6000 ca:01 261569                     /home/ubuntu/spark-2.1.1-bin-hadoop2.7/jars/datanucleus-core-3.2.10.jar
7f386b1a9000-7f386b1bd000 r--s 000ec000 ca:01 261539                     /home/ubuntu/spark-2.1.1-bin-hadoop2.7/jars/parquet-jackson-1.8.1.jar
7f386b1bd000-7f386b1bf000 r--s 0000e000 ca:01 261785                     /home/ubuntu/spark-2.1.1-bin-hadoop2.7/jars/hadoop-mapreduce-client-jobclient-2.7.3.jar
7f386b1bf000-7f386b1c1000 r--s 0000e000 ca:01 261536                     /home/ubuntu/spark-2.1.1-bin-hadoop2.7/jars/oro-2.0.8.jar
7f386b1c1000-7f386b1c3000 r--s 00003000 ca:01 261826                     /home/ubuntu/spark-2.1.1-bin-hadoop2.7/jars/JavaEWAH-0.3.2.jar
7f386b1c3000-7f386b1c5000 r--s 0000f000 ca:01 261757                     /home/ubuntu/spark-2.1.1-bin-hadoop2.7/jars/spark-launcher_2.11-2.1.1.jar
7f386b1c5000-7f386b1e7000 r--s 00335000 ca:01 261750                     /home/ubuntu/spark-2.1.1-bin-hadoop2.7/jars/mesos-1.0.0-shaded-protobuf.jar
7f386b1e7000-7f386b1e8000 r--s 00001000 ca:01 261610                     /home/ubuntu/spark-2.1.1-bin-hadoop2.7/jars/minlog-1.3.0.jar
7f386b1e8000-7f386b1eb000 r--s 0001a000 ca:01 261834                     /home/ubuntu/spark-2.1.1-bin-hadoop2.7/jars/py4j-0.10.4.jar
7f386b1eb000-7f386b1ec000 r--s 00009000 ca:01 261601                     /home/ubuntu/spark-2.1.1-bin-hadoop2.7/jars/json4s-jackson_2.11-3.2.11.jar
7f386b1ec000-7f386b1ee000 r--s 0000d000 ca:01 261725                     /home/ubuntu/spark-2.1.1-bin-hadoop2.7/jars/hadoop-yarn-server-web-proxy-2.7.3.jar
7f386b1ee000-7f386b251000 r--s 004de000 ca:01 261719                     /home/ubuntu/spark-2.1.1-bin-hadoop2.7/jars/hive-metastore-1.2.1.spark2.jar
7f386b251000-7f386b258000 r--s 00039000 ca:01 261727                     /home/ubuntu/spark-2.1.1-bin-hadoop2.7/jars/calcite-avatica-1.2.0-incubating.jar
7f386b258000-7f386b25f000 r--s 0003f000 ca:01 261603                     /home/ubuntu/spark-2.1.1-bin-hadoop2.7/jars/commons-codec-1.10.jar
7f386b25f000-7f386b261000 r--s 00100000 ca:01 261842                     /home/ubuntu/spark-2.1.1-bin-hadoop2.7/jars/snappy-java-1.1.2.6.jar
7f386b261000-7f386b265000 r--s 00029000 ca:01 261591                     /home/ubuntu/spark-2.1.1-bin-hadoop2.7/jars/hk2-locator-2.4.0-b34.jar
7f386b265000-7f386b268000 r--s 0000d000 ca:01 261742                     /home/ubuntu/spark-2.1.1-bin-hadoop2.7/jars/spark-network-shuffle_2.11-2.1.1.jar
7f386b268000-7f386b269000 r--s 00006000 ca:01 261788                     /home/ubuntu/spark-2.1.1-bin-hadoop2.7/jars/jackson-xc-1.9.13.jar
7f386b269000-7f386b27f000 r--s 000d1000 ca:01 261585                     /home/ubuntu/spark-2.1.1-bin-hadoop2.7/jars/parquet-column-1.8.1.jar
7f386b27f000-7f386b2a4000 rw-p 00000000 00:00 0 
7f386b2a4000-7f386b3b0000 r--s 00dba000 ca:01 261859                     /home/ubuntu/spark-2.1.1-bin-hadoop2.7/jars/scala-compiler-2.11.8.jar
7f386b3b0000-7f386b3b1000 r--s 00002000 ca:01 261764                     /home/ubuntu/spark-2.1.1-bin-hadoop2.7/jars/jpam-1.1.jar
7f386b3b1000-7f386b3c0000 r--s 0009f000 ca:01 261734                     /home/ubuntu/spark-2.1.1-bin-hadoop2.7/jars/guice-3.0.jar
7f386b3c0000-7f386b3d9000 r--s 00150000 ca:01 261626                     /home/ubuntu/spark-2.1.1-bin-hadoop2.7/jars/htrace-core-3.1.0-incubating.jar
7f386b3d9000-7f386b3ef000 r--s 000d3000 ca:01 261625                     /home/ubuntu/spark-2.1.1-bin-hadoop2.7/jars/jersey-server-2.22.2.jar
7f386b3ef000-7f386b3f1000 r--s 00008000 ca:01 261581                     /home/ubuntu/spark-2.1.1-bin-hadoop2.7/jars/parquet-common-1.8.1.jar
7f386b3f1000-7f386b3f3000 r--s 00002000 ca:01 261606                     /home/ubuntu/spark-2.1.1-bin-hadoop2.7/jars/aopalliance-repackaged-2.4.0-b34.jar
7f386b3f3000-7f386b3f7000 r--s 0003c000 ca:01 261854                     /home/ubuntu/spark-2.1.1-bin-hadoop2.7/jars/jackson-core-2.6.5.jar
7f386b3f7000-7f386b402000 r--s 00062000 ca:01 261729                     /home/ubuntu/spark-2.1.1-bin-hadoop2.7/jars/calcite-linq4j-1.2.0-incubating.jar
7f386b402000-7f386b438000 r--s 0031c000 ca:01 261565                     /home/ubuntu/spark-2.1.1-bin-hadoop2.7/jars/hadoop-common-2.7.3.jar
7f386b438000-7f386b43c000 r--s 0001a000 ca:01 261579                     /home/ubuntu/spark-2.1.1-bin-hadoop2.7/jars/hk2-utils-2.4.0-b34.jar
7f386b43c000-7f386b448000 r--s 000b6000 ca:01 261831                     /home/ubuntu/spark-2.1.1-bin-hadoop2.7/jars/zookeeper-3.4.6.jar
7f386b448000-7f386b44e000 r--s 00040000 ca:01 261709                     /home/ubuntu/spark-2.1.1-bin-hadoop2.7/jars/parquet-encoding-1.8.1.jar
7f386b44e000-7f386b453000 r--s 00036000 ca:01 261574                     /home/ubuntu/spark-2.1.1-bin-hadoop2.7/jars/commons-compress-1.4.1.jar
7f386b453000-7f386b480000 r--s 001d4000 ca:01 261863                     /home/ubuntu/spark-2.1.1-bin-hadoop2.7/jars/spark-streaming_2.11-2.1.1.jar
7f386b480000-7f386b483000 r--s 00022000 ca:01 261806                     /home/ubuntu/spark-2.1.1-bin-hadoop2.7/jars/stringtemplate-3.2.1.jar
7f386b483000-7f386b48a000 r--s 00036000 ca:01 261624                     /home/ubuntu/spark-2.1.1-bin-hadoop2.7/jars/curator-recipes-2.6.0.jar
7f386b48a000-7f386b48e000 r--s 00029000 ca:01 261548                     /home/ubuntu/spark-2.1.1-bin-hadoop2.7/jars/breeze-macros_2.11-0.12.jar
7f386b48e000-7f386b492000 r--s 00036000 ca:01 261851                     /home/ubuntu/spark-2.1.1-bin-hadoop2.7/jars/ST4-4.0.4.jar
7f386b492000-7f386b496000 r--s 00018000 ca:01 261584                     /home/ubuntu/spark-2.1.1-bin-hadoop2.7/jars/metrics-core-3.1.2.jar
7f386b496000-7f386b4a4000 r--s 000b1000 ca:01 261754                     /home/ubuntu/spark-2.1.1-bin-hadoop2.7/jars/jackson-mapper-asl-1.9.13.jar
7f386b4a4000-7f386b4b4000 r--s 000a0000 ca:01 261599                     /home/ubuntu/spark-2.1.1-bin-hadoop2.7/jars/spark-yarn_2.11-2.1.1.jar
7f386b4b4000-7f386b4b5000 r--s 00003000 ca:01 261590                     /home/ubuntu/spark-2.1.1-bin-hadoop2.7/jars/spark-tags_2.11-2.1.1.jar
7f386b4b5000-7f386b4c7000 r--s 00097000 ca:01 261804                     /home/ubuntu/spark-2.1.1-bin-hadoop2.7/jars/apacheds-kerberos-codec-2.0.0-M15.jar
7f386b4c7000-7f386b4ca000 r--s 00017000 ca:01 261800                     /home/ubuntu/spark-2.1.1-bin-hadoop2.7/jars/jaxb-api-2.2.2.jar
7f386b4ca000-7f386b4cc000 r--s 00009000 ca:01 261848                     /home/ubuntu/spark-2.1.1-bin-hadoop2.7/jars/objenesis-2.1.jar
7f386b4cc000-7f386b537000 r--s 00784000 ca:01 261535                     /home/ubuntu/spark-2.1.1-bin-hadoop2.7/jars/hadoop-hdfs-2.7.3.jar
7f386b537000-7f386b539000 r--s 00010000 ca:01 261752                     /home/ubuntu/spark-2.1.1-bin-hadoop2.7/jars/jersey-media-jaxb-2.22.2.jar
7f386b539000-7f386b546000 r--s 00083000 ca:01 261598                     /home/ubuntu/spark-2.1.1-bin-hadoop2.7/jars/commons-collections-3.2.2.jar
7f386b546000-7f386b54d000 r--s 00051000 ca:01 261542                     /home/ubuntu/spark-2.1.1-bin-hadoop2.7/jars/kryo-shaded-3.0.3.jar
7f386b54d000-7f386b584000 r--s 00325000 ca:01 261802                     /home/ubuntu/spark-2.1.1-bin-hadoop2.7/jars/calcite-core-1.2.0-incubating.jar
7f386b584000-7f386b587000 r--s 00012000 ca:01 261602                     /home/ubuntu/spark-2.1.1-bin-hadoop2.7/jars/json4s-ast_2.11-3.2.11.jar
7f386b587000-7f386b589000 r--s 0000e000 ca:01 261794                     /home/ubuntu/spark-2.1.1-bin-hadoop2.7/jars/commons-logging-1.1.3.jar
7f386b589000-7f386b632000 r--s 00a4f000 ca:01 261801                     /home/ubuntu/spark-2.1.1-bin-hadoop2.7/jars/hive-exec-1.2.1.spark2.jar
7f386b632000-7f386b633000 r--s 0000b000 ca:01 261631                     /home/ubuntu/spark-2.1.1-bin-hadoop2.7/jars/snappy-0.2.jar
7f386b633000-7f386b636000 r--s 00028000 ca:01 261541                     /home/ubuntu/spark-2.1.1-bin-hadoop2.7/jars/stream-2.7.0.jar
7f386b636000-7f386b66a000 r--s 00277000 ca:01 261592                     /home/ubuntu/spark-2.1.1-bin-hadoop2.7/jars/parquet-hadoop-bundle-1.6.0.jar
7f386b66a000-7f386b66e000 r--s 0000c000 ca:01 261617                     /home/ubuntu/spark-2.1.1-bin-hadoop2.7/jars/validation-api-1.1.0.Final.jar
7f386b66e000-7f386b697000 r--s 001ee000 ca:01 261862                     /home/ubuntu/spark-2.1.1-bin-hadoop2.7/jars/guava-14.0.1.jar
7f386b697000-7f386b6a4000 r--s 00071000 ca:01 261832                     /home/ubuntu/spark-2.1.1-bin-hadoop2.7/jars/jackson-module-scala_2.11-2.6.5.jar
7f386b6a4000-7f386b6bd000 r--s 00114000 ca:01 261577                     /home/ubuntu/spark-2.1.1-bin-hadoop2.7/jars/spark-hive_2.11-2.1.1.jar
7f386b6bd000-7f386b6d5000 r--s 00115000 ca:01 261824                     /home/ubuntu/spark-2.1.1-bin-hadoop2.7/jars/netty-3.8.0.Final.jar
7f386b6d5000-7f386b72e000 r--s 00522000 ca:01 261865                     /home/ubuntu/spark-2.1.1-bin-hadoop2.7/jars/scala-library-2.11.8.jar
7f386b72e000-7f386b735000 r--s 00049000 ca:01 261852                     /home/ubuntu/spark-2.1.1-bin-hadoop2.7/jars/univocity-parsers-2.2.1.jar
7f386b735000-7f386b781000 r--s 00411000 ca:01 261857                     /home/ubuntu/spark-2.1.1-bin-hadoop2.7/jars/scala-reflect-2.11.8.jar
7f386b781000-7f386b78f000 r--s 0009d000 ca:01 261614                     /home/ubuntu/spark-2.1.1-bin-hadoop2.7/jars/jersey-common-2.22.2.jar
7f386b78f000-7f386b799000 r--s 000aa000 ca:01 261762                     /home/ubuntu/spark-2.1.1-bin-hadoop2.7/jars/janino-3.0.0.jar
7f386b799000-7f386b79a000 r--s 00008000 ca:01 261844                     /home/ubuntu/spark-2.1.1-bin-hadoop2.7/jars/commons-compiler-3.0.0.jar
7f386b79a000-7f386b7a3000 r--s 00097000 ca:01 261837                     /home/ubuntu/spark-2.1.1-bin-hadoop2.7/jars/pmml-model-1.2.15.jar
7f386b7a3000-7f386b7a5000 r--s 00005000 ca:01 261741                     /home/ubuntu/spark-2.1.1-bin-hadoop2.7/jars/stax-api-1.0.1.jar
7f386b7a5000-7f386b7a9000 r--s 00035000 ca:01 261597                     /home/ubuntu/spark-2.1.1-bin-hadoop2.7/jars/jackson-core-asl-1.9.13.jar
7f386b7a9000-7f386b7ac000 r--s 00019000 ca:01 261530                     /home/ubuntu/spark-2.1.1-bin-hadoop2.7/jars/bonecp-0.8.0.RELEASE.jar
7f386b7ac000-7f386b7ae000 r--s 00038000 ca:01 261789                     /home/ubuntu/spark-2.1.1-bin-hadoop2.7/jars/lz4-1.3.0.jar
7f386b7ae000-7f386b7c7000 r--s 00164000 ca:01 261738                     /home/ubuntu/spark-2.1.1-bin-hadoop2.7/jars/hadoop-mapreduce-client-core-2.7.3.jar
7f386b7c7000-7f386b7ca000 r--s 00026000 ca:01 261792                     /home/ubuntu/spark-2.1.1-bin-hadoop2.7/jars/hadoop-yarn-client-2.7.3.jar
7f386b7ca000-7f386b7cc000 r--s 00017000 ca:01 261607                     /home/ubuntu/spark-2.1.1-bin-hadoop2.7/jars/hive-jdbc-1.2.1.spark2.jar
7f386b7cc000-7f386b84d000 r--s 005d9000 ca:01 261746                     /home/ubuntu/spark-2.1.1-bin-hadoop2.7/jars/spark-sql_2.11-2.1.1.jar
7f386b84d000-7f386b84e000 r--s 00006000 ca:01 261755                     /home/ubuntu/spark-2.1.1-bin-hadoop2.7/jars/hadoop-client-2.7.3.jar
7f386b84e000-7f386b855000 r--s 00058000 ca:01 261609                     /home/ubuntu/spark-2.1.1-bin-hadoop2.7/jars/hadoop-yarn-server-common-2.7.3.jar
7f386b855000-7f386b856000 r--s 0000a000 ca:01 261616                     /home/ubuntu/spark-2.1.1-bin-hadoop2.7/jars/apacheds-i18n-2.0.0-M15.jar
7f386b856000-7f386b857000 r--s 00000000 ca:01 261600                     /home/ubuntu/spark-2.1.1-bin-hadoop2.7/jars/javax.inject-1.jar
7f386b857000-7f386b85d000 r--s 00045000 ca:01 261605                     /home/ubuntu/spark-2.1.1-bin-hadoop2.7/jars/commons-httpclient-3.1.jar
7f386b85d000-7f386b86a000 r--s 000a7000 ca:01 261627                     /home/ubuntu/spark-2.1.1-bin-hadoop2.7/jars/httpclient-4.5.2.jar
7f386b86a000-7f386b86c000 r--s 0001f000 ca:01 261825                     /home/ubuntu/spark-2.1.1-bin-hadoop2.7/jars/commons-crypto-1.0.0.jar
7f386b86c000-7f386b871000 r--s 0002a000 ca:01 261735                     /home/ubuntu/spark-2.1.1-bin-hadoop2.7/jars/gson-2.2.4.jar
7f386b871000-7f386b8b1000 r--s 00277000 ca:01 261767                     /home/ubuntu/spark-2.1.1-bin-hadoop2.7/jars/bcprov-jdk15on-1.51.jar
7f386b8b1000-7f386b8b4000 r--s 00016000 ca:01 261593                     /home/ubuntu/spark-2.1.1-bin-hadoop2.7/jars/jsp-api-2.1.jar
7f386b8b4000-7f386b8b5000 r--s 00001000 ca:01 261838                     /home/ubuntu/spark-2.1.1-bin-hadoop2.7/jars/javax.inject-2.4.0-b34.jar
7f386b8b5000-7f386b8b7000 r--s 00015000 ca:01 261547                     /home/ubuntu/spark-2.1.1-bin-hadoop2.7/jars/hadoop-auth-2.7.3.jar
7f386b8b7000-7f386b8bb000 r--s 0002f000 ca:01 261795                     /home/ubuntu/spark-2.1.1-bin-hadoop2.7/jars/commons-beanutils-core-1.8.0.jar
7f386b8bb000-7f386b8ea000 r--s 002e5000 ca:01 261846                     /home/ubuntu/spark-2.1.1-bin-hadoop2.7/jars/derby-10.12.1.1.jar
7f386b8ea000-7f386b8ec000 r--s 00008000 ca:01 261544                     /home/ubuntu/spark-2.1.1-bin-hadoop2.7/jars/metrics-jvm-3.1.2.jar
7f386b8ec000-7f386b8ef000 r--s 00015000 ca:01 261723                     /home/ubuntu/spark-2.1.1-bin-hadoop2.7/jars/pyrolite-4.13.jar
7f386b8ef000-7f386b8f1000 r--s 0000e000 ca:01 261760                     /home/ubuntu/spark-2.1.1-bin-hadoop2.7/jars/spark-repl_2.11-2.1.1.jar
7f386b8f1000-7f386b8fa000 r--s 0006f000 ca:01 261724                     /home/ubuntu/spark-2.1.1-bin-hadoop2.7/jars/log4j-1.2.17.jar
7f386b8fa000-7f386b8fe000 r--s 00025000 ca:01 261850                     /home/ubuntu/spark-2.1.1-bin-hadoop2.7/jars/jersey-client-2.22.2.jar
7f386b8fe000-7f386b905000 r--s 00058000 ca:01 261589                     /home/ubuntu/spark-2.1.1-bin-hadoop2.7/jars/parquet-format-2.3.0-incubating.jar
7f386b905000-7f386b907000 r--s 00003000 ca:01 261615                     /home/ubuntu/spark-2.1.1-bin-hadoop2.7/jars/api-asn1-api-1.0.0-M20.jar
7f386b907000-7f386b911000 r--s 0007b000 ca:01 261847                     /home/ubuntu/spark-2.1.1-bin-hadoop2.7/jars/hadoop-mapreduce-client-app-2.7.3.jar
7f386b911000-7f386b914000 r--s 0000e000 ca:01 261575                     /home/ubuntu/spark-2.1.1-bin-hadoop2.7/jars/jersey-container-servlet-core-2.22.2.jar
7f386b914000-7f386b918000 r--s 00025000 ca:01 261538                     /home/ubuntu/spark-2.1.1-bin-hadoop2.7/jars/antlr-runtime-3.4.jar
7f386b918000-7f386b929000 r--s 00089000 ca:01 261623                     /home/ubuntu/spark-2.1.1-bin-hadoop2.7/jars/joda-time-2.9.3.jar
7f386b929000-7f386b92e000 r--s 00032000 ca:01 261864                     /home/ubuntu/spark-2.1.1-bin-hadoop2.7/jars/chill_2.11-0.8.0.jar
7f386b92e000-7f386b939000 r--s 0005d000 ca:01 261853                     /home/ubuntu/spark-2.1.1-bin-hadoop2.7/jars/scala-parser-combinators_2.11-1.0.4.jar
7f386b939000-7f386b94b000 r--s 00112000 ca:01 261835                     /home/ubuntu/spark-2.1.1-bin-hadoop2.7/jars/arpack_combined_all-0.1.jar
7f386b94b000-7f386b963000 r--s 000d6000 ca:01 261571                     /home/ubuntu/spark-2.1.1-bin-hadoop2.7/jars/jersey-guava-2.22.2.jar
7f386b963000-7f386b964000 ---p 00000000 00:00 0 
7f386b964000-7f386ba64000 rw-p 00000000 00:00 0 
7f386ba64000-7f386ba67000 ---p 00000000 00:00 0 
7f386ba67000-7f386bb65000 rw-p 00000000 00:00 0 
7f386bb65000-7f386bb68000 ---p 00000000 00:00 0 
7f386bb68000-7f386bc66000 rw-p 00000000 00:00 0 
7f386bc66000-7f386bc69000 ---p 00000000 00:00 0 
7f386bc69000-7f386bd67000 rw-p 00000000 00:00 0 
7f386bd67000-7f386bd6a000 ---p 00000000 00:00 0 
7f386bd6a000-7f386be68000 rw-p 00000000 00:00 0 
7f386be68000-7f386c000000 r--p 00000000 ca:01 29052                      /usr/lib/locale/locale-archive
7f386c000000-7f386c8a6000 rw-p 00000000 00:00 0 
7f386c8a6000-7f3870000000 ---p 00000000 00:00 0 
7f3870000000-7f3870001000 r--s 00002000 ca:01 261586                     /home/ubuntu/spark-2.1.1-bin-hadoop2.7/jars/java-xmlbuilder-1.0.jar
7f3870001000-7f3870003000 r--s 00005000 ca:01 261743                     /home/ubuntu/spark-2.1.1-bin-hadoop2.7/jars/javax.annotation-api-1.2.jar
7f3870003000-7f3870009000 r--s 0002c000 ca:01 261828                     /home/ubuntu/spark-2.1.1-bin-hadoop2.7/jars/jdo-api-3.0.1.jar
7f3870009000-7f3870010000 r--s 00046000 ca:01 261797                     /home/ubuntu/spark-2.1.1-bin-hadoop2.7/jars/libfb303-0.9.3.jar
7f3870010000-7f3870022000 r--s 000b3000 ca:01 261829                     /home/ubuntu/spark-2.1.1-bin-hadoop2.7/jars/scalap-2.11.8.jar
7f3870022000-7f387003a000 r--s 00115000 ca:01 261537                     /home/ubuntu/spark-2.1.1-bin-hadoop2.7/jars/xercesImpl-2.9.1.jar
7f387003a000-7f3870061000 r--s 0020f000 ca:01 261726                     /home/ubuntu/spark-2.1.1-bin-hadoop2.7/jars/netty-all-4.0.42.Final.jar
7f3870061000-7f38700b6000 r--s 0069c000 ca:01 261595                     /home/ubuntu/spark-2.1.1-bin-hadoop2.7/jars/spire_2.11-0.7.4.jar
7f38700b6000-7f38700b9000 ---p 00000000 00:00 0 
7f38700b9000-7f38701b7000 rw-p 00000000 00:00 0 
7f38701b7000-7f38701ba000 ---p 00000000 00:00 0 
7f38701ba000-7f38702b8000 rw-p 00000000 00:00 0 
7f38702b8000-7f38702b9000 ---p 00000000 00:00 0 
7f38702b9000-7f38703b9000 rw-p 00000000 00:00 0 
7f38703b9000-7f3870589000 r--s 03c5c000 ca:01 286303                     /usr/lib/jvm/java-8-openjdk-amd64/jre/lib/rt.jar
7f3870589000-7f3870dff000 rw-p 00000000 00:00 0 
7f3870dff000-7f3870e51000 rw-p 00000000 00:00 0 
7f3870e51000-7f3870ea9000 ---p 00000000 00:00 0 
7f3870ea9000-7f3870f4e000 rw-p 00000000 00:00 0 
7f3870f4e000-7f3870fff000 ---p 00000000 00:00 0 
7f3870fff000-7f3871000000 rw-p 00000000 00:00 0 
7f3871000000-7f3874460000 rwxp 00000000 00:00 0 
7f3874460000-7f3880000000 ---p 00000000 00:00 0 
7f3880000000-7f3880e48000 rw-p 00000000 00:00 0 
7f3880e48000-7f3884000000 ---p 00000000 00:00 0 
7f3884000000-7f3884002000 r--s 00010000 ca:01 261622                     /home/ubuntu/spark-2.1.1-bin-hadoop2.7/jars/hadoop-mapreduce-client-shuffle-2.7.3.jar
7f3884002000-7f3884004000 r--s 00000000 ca:01 261836                     /home/ubuntu/spark-2.1.1-bin-hadoop2.7/jars/jul-to-slf4j-1.7.16.jar
7f3884004000-7f3884007000 r--s 00014000 ca:01 261761                     /home/ubuntu/spark-2.1.1-bin-hadoop2.7/jars/super-csv-2.2.0.jar
7f3884007000-7f3884009000 r--s 00003000 ca:01 261843                     /home/ubuntu/spark-2.1.1-bin-hadoop2.7/jars/base64-2.3.8.jar
7f3884009000-7f388400b000 r--s 00003000 ca:01 261570                     /home/ubuntu/spark-2.1.1-bin-hadoop2.7/jars/jersey-container-servlet-2.22.2.jar
7f388400b000-7f3884015000 r--s 000a5000 ca:01 261766                     /home/ubuntu/spark-2.1.1-bin-hadoop2.7/jars/javassist-3.18.1-GA.jar
7f3884015000-7f3884018000 r--s 00021000 ca:01 261596                     /home/ubuntu/spark-2.1.1-bin-hadoop2.7/jars/xbean-asm5-shaded-4.4.jar
7f3884018000-7f388401b000 r--s 00025000 ca:01 261618                     /home/ubuntu/spark-2.1.1-bin-hadoop2.7/jars/commons-dbcp-1.4.jar
7f388401b000-7f388401e000 r--s 00015000 ca:01 261620                     /home/ubuntu/spark-2.1.1-bin-hadoop2.7/jars/commons-pool-1.5.4.jar
7f388401e000-7f3884020000 r--s 00004000 ca:01 261787                     /home/ubuntu/spark-2.1.1-bin-hadoop2.7/jars/metrics-graphite-3.1.2.jar
7f3884020000-7f3884025000 r--s 00027000 ca:01 261861                     /home/ubuntu/spark-2.1.1-bin-hadoop2.7/jars/hk2-api-2.4.0-b34.jar
7f3884025000-7f388402b000 r--s 00034000 ca:01 261799                     /home/ubuntu/spark-2.1.1-bin-hadoop2.7/jars/libthrift-0.9.3.jar
7f388402b000-7f3884046000 r--s 001d6000 ca:01 286319                     /usr/lib/jvm/java-8-openjdk-amd64/jre/lib/ext/nashorn.jar
7f3884046000-7f3884061000 r--s 00394000 ca:01 286322                     /usr/lib/jvm/java-8-openjdk-amd64/jre/lib/ext/cldrdata.jar
7f3884061000-7f3884105000 rw-p 00000000 00:00 0 
7f3884105000-7f38841b7000 ---p 00000000 00:00 0 
7f38841b7000-7f3884289000 rw-p 00000000 00:00 0 
7f3884289000-7f3884577000 ---p 00000000 00:00 0 
7f3884577000-7f388457f000 r-xp 00000000 ca:01 286357                     /usr/lib/jvm/java-8-openjdk-amd64/jre/lib/amd64/libzip.so
7f388457f000-7f388477e000 ---p 00008000 ca:01 286357                     /usr/lib/jvm/java-8-openjdk-amd64/jre/lib/amd64/libzip.so
7f388477e000-7f388477f000 r--p 00007000 ca:01 286357                     /usr/lib/jvm/java-8-openjdk-amd64/jre/lib/amd64/libzip.so
7f388477f000-7f3884780000 rw-p 00008000 ca:01 286357                     /usr/lib/jvm/java-8-openjdk-amd64/jre/lib/amd64/libzip.so
7f3884780000-7f388478b000 r-xp 00000000 ca:01 1993                       /lib/x86_64-linux-gnu/libnss_files-2.23.so
7f388478b000-7f388498a000 ---p 0000b000 ca:01 1993                       /lib/x86_64-linux-gnu/libnss_files-2.23.so
7f388498a000-7f388498b000 r--p 0000a000 ca:01 1993                       /lib/x86_64-linux-gnu/libnss_files-2.23.so
7f388498b000-7f388498c000 rw-p 0000b000 ca:01 1993                       /lib/x86_64-linux-gnu/libnss_files-2.23.so
7f388498c000-7f3884992000 rw-p 00000000 00:00 0 
7f3884992000-7f388499d000 r-xp 00000000 ca:01 1997                       /lib/x86_64-linux-gnu/libnss_nis-2.23.so
7f388499d000-7f3884b9c000 ---p 0000b000 ca:01 1997                       /lib/x86_64-linux-gnu/libnss_nis-2.23.so
7f3884b9c000-7f3884b9d000 r--p 0000a000 ca:01 1997                       /lib/x86_64-linux-gnu/libnss_nis-2.23.so
7f3884b9d000-7f3884b9e000 rw-p 0000b000 ca:01 1997                       /lib/x86_64-linux-gnu/libnss_nis-2.23.so
7f3884b9e000-7f3884bb4000 r-xp 00000000 ca:01 1977                       /lib/x86_64-linux-gnu/libnsl-2.23.so
7f3884bb4000-7f3884db3000 ---p 00016000 ca:01 1977                       /lib/x86_64-linux-gnu/libnsl-2.23.so
7f3884db3000-7f3884db4000 r--p 00015000 ca:01 1977                       /lib/x86_64-linux-gnu/libnsl-2.23.so
7f3884db4000-7f3884db5000 rw-p 00016000 ca:01 1977                       /lib/x86_64-linux-gnu/libnsl-2.23.so
7f3884db5000-7f3884db7000 rw-p 00000000 00:00 0 
7f3884db7000-7f3884dbf000 r-xp 00000000 ca:01 1988                       /lib/x86_64-linux-gnu/libnss_compat-2.23.so
7f3884dbf000-7f3884fbe000 ---p 00008000 ca:01 1988                       /lib/x86_64-linux-gnu/libnss_compat-2.23.so
7f3884fbe000-7f3884fbf000 r--p 00007000 ca:01 1988                       /lib/x86_64-linux-gnu/libnss_compat-2.23.so
7f3884fbf000-7f3884fc0000 rw-p 00008000 ca:01 1988                       /lib/x86_64-linux-gnu/libnss_compat-2.23.so
7f3884fc0000-7f3884fe9000 r-xp 00000000 ca:01 286342                     /usr/lib/jvm/java-8-openjdk-amd64/jre/lib/amd64/libjava.so
7f3884fe9000-7f38851e8000 ---p 00029000 ca:01 286342                     /usr/lib/jvm/java-8-openjdk-amd64/jre/lib/amd64/libjava.so
7f38851e8000-7f38851e9000 r--p 00028000 ca:01 286342                     /usr/lib/jvm/java-8-openjdk-amd64/jre/lib/amd64/libjava.so
7f38851e9000-7f38851eb000 rw-p 00029000 ca:01 286342                     /usr/lib/jvm/java-8-openjdk-amd64/jre/lib/amd64/libjava.so
7f38851eb000-7f38851fa000 r-xp 00000000 ca:01 286359                     /usr/lib/jvm/java-8-openjdk-amd64/jre/lib/amd64/libverify.so
7f38851fa000-7f38853f9000 ---p 0000f000 ca:01 286359                     /usr/lib/jvm/java-8-openjdk-amd64/jre/lib/amd64/libverify.so
7f38853f9000-7f38853fb000 r--p 0000e000 ca:01 286359                     /usr/lib/jvm/java-8-openjdk-amd64/jre/lib/amd64/libverify.so
7f38853fb000-7f38853fc000 rw-p 00010000 ca:01 286359                     /usr/lib/jvm/java-8-openjdk-amd64/jre/lib/amd64/libverify.so
7f38853fc000-7f3885403000 r-xp 00000000 ca:01 1998                       /lib/x86_64-linux-gnu/librt-2.23.so
7f3885403000-7f3885602000 ---p 00007000 ca:01 1998                       /lib/x86_64-linux-gnu/librt-2.23.so
7f3885602000-7f3885603000 r--p 00006000 ca:01 1998                       /lib/x86_64-linux-gnu/librt-2.23.so
7f3885603000-7f3885604000 rw-p 00007000 ca:01 1998                       /lib/x86_64-linux-gnu/librt-2.23.so
7f3885604000-7f388561a000 r-xp 00000000 ca:01 1975                       /lib/x86_64-linux-gnu/libgcc_s.so.1
7f388561a000-7f3885819000 ---p 00016000 ca:01 1975                       /lib/x86_64-linux-gnu/libgcc_s.so.1
7f3885819000-7f388581a000 rw-p 00015000 ca:01 1975                       /lib/x86_64-linux-gnu/libgcc_s.so.1
7f388581a000-7f3885922000 r-xp 00000000 ca:01 1976                       /lib/x86_64-linux-gnu/libm-2.23.so
7f3885922000-7f3885b21000 ---p 00108000 ca:01 1976                       /lib/x86_64-linux-gnu/libm-2.23.so
7f3885b21000-7f3885b22000 r--p 00107000 ca:01 1976                       /lib/x86_64-linux-gnu/libm-2.23.so
7f3885b22000-7f3885b23000 rw-p 00108000 ca:01 1976                       /lib/x86_64-linux-gnu/libm-2.23.so
7f3885b23000-7f3885c95000 r-xp 00000000 ca:01 7979                       /usr/lib/x86_64-linux-gnu/libstdc++.so.6.0.21
7f3885c95000-7f3885e95000 ---p 00172000 ca:01 7979                       /usr/lib/x86_64-linux-gnu/libstdc++.so.6.0.21
7f3885e95000-7f3885e9f000 r--p 00172000 ca:01 7979                       /usr/lib/x86_64-linux-gnu/libstdc++.so.6.0.21
7f3885e9f000-7f3885ea1000 rw-p 0017c000 ca:01 7979                       /usr/lib/x86_64-linux-gnu/libstdc++.so.6.0.21
7f3885ea1000-7f3885ea5000 rw-p 00000000 00:00 0 
7f3885ea5000-7f3886b09000 r-xp 00000000 ca:01 286369                     /usr/lib/jvm/java-8-openjdk-amd64/jre/lib/amd64/server/libjvm.so
7f3886b09000-7f3886d08000 ---p 00c64000 ca:01 286369                     /usr/lib/jvm/java-8-openjdk-amd64/jre/lib/amd64/server/libjvm.so
7f3886d08000-7f3886d9c000 r--p 00c63000 ca:01 286369                     /usr/lib/jvm/java-8-openjdk-amd64/jre/lib/amd64/server/libjvm.so
7f3886d9c000-7f3886dc5000 rw-p 00cf7000 ca:01 286369                     /usr/lib/jvm/java-8-openjdk-amd64/jre/lib/amd64/server/libjvm.so
7f3886dc5000-7f3886df5000 rw-p 00000000 00:00 0 
7f3886df5000-7f3886e0d000 r-xp 00000000 ca:01 1979                       /lib/x86_64-linux-gnu/libpthread-2.23.so
7f3886e0d000-7f388700c000 ---p 00018000 ca:01 1979                       /lib/x86_64-linux-gnu/libpthread-2.23.so
7f388700c000-7f388700d000 r--p 00017000 ca:01 1979                       /lib/x86_64-linux-gnu/libpthread-2.23.so
7f388700d000-7f388700e000 rw-p 00018000 ca:01 1979                       /lib/x86_64-linux-gnu/libpthread-2.23.so
7f388700e000-7f3887012000 rw-p 00000000 00:00 0 
7f3887012000-7f3887015000 r-xp 00000000 ca:01 1982                       /lib/x86_64-linux-gnu/libdl-2.23.so
7f3887015000-7f3887214000 ---p 00003000 ca:01 1982                       /lib/x86_64-linux-gnu/libdl-2.23.so
7f3887214000-7f3887215000 r--p 00002000 ca:01 1982                       /lib/x86_64-linux-gnu/libdl-2.23.so
7f3887215000-7f3887216000 rw-p 00003000 ca:01 1982                       /lib/x86_64-linux-gnu/libdl-2.23.so
7f3887216000-7f388722f000 r-xp 00000000 ca:01 2129                       /lib/x86_64-linux-gnu/libz.so.1.2.8
7f388722f000-7f388742e000 ---p 00019000 ca:01 2129                       /lib/x86_64-linux-gnu/libz.so.1.2.8
7f388742e000-7f388742f000 r--p 00018000 ca:01 2129                       /lib/x86_64-linux-gnu/libz.so.1.2.8
7f388742f000-7f3887430000 rw-p 00019000 ca:01 2129                       /lib/x86_64-linux-gnu/libz.so.1.2.8
7f3887430000-7f38875f0000 r-xp 00000000 ca:01 1980                       /lib/x86_64-linux-gnu/libc-2.23.so
7f38875f0000-7f38877f0000 ---p 001c0000 ca:01 1980                       /lib/x86_64-linux-gnu/libc-2.23.so
7f38877f0000-7f38877f4000 r--p 001c0000 ca:01 1980                       /lib/x86_64-linux-gnu/libc-2.23.so
7f38877f4000-7f38877f6000 rw-p 001c4000 ca:01 1980                       /lib/x86_64-linux-gnu/libc-2.23.so
7f38877f6000-7f38877fa000 rw-p 00000000 00:00 0 
7f38877fa000-7f3887807000 r-xp 00000000 ca:01 286351                     /usr/lib/jvm/java-8-openjdk-amd64/jre/lib/amd64/jli/libjli.so
7f3887807000-7f3887a06000 ---p 0000d000 ca:01 286351                     /usr/lib/jvm/java-8-openjdk-amd64/jre/lib/amd64/jli/libjli.so
7f3887a06000-7f3887a07000 r--p 0000c000 ca:01 286351                     /usr/lib/jvm/java-8-openjdk-amd64/jre/lib/amd64/jli/libjli.so
7f3887a07000-7f3887a08000 rw-p 0000d000 ca:01 286351                     /usr/lib/jvm/java-8-openjdk-amd64/jre/lib/amd64/jli/libjli.so
7f3887a08000-7f3887a2e000 r-xp 00000000 ca:01 1978                       /lib/x86_64-linux-gnu/ld-2.23.so
7f3887a2e000-7f3887a2f000 r--s 00009000 ca:01 261534                     /home/ubuntu/spark-2.1.1-bin-hadoop2.7/jars/hadoop-annotations-2.7.3.jar
7f3887a2f000-7f3887a30000 r--s 00003000 ca:01 261827                     /home/ubuntu/spark-2.1.1-bin-hadoop2.7/jars/metrics-json-3.1.2.jar
7f3887a30000-7f3887a32000 r--s 0000f000 ca:01 261715                     /home/ubuntu/spark-2.1.1-bin-hadoop2.7/jars/curator-client-2.6.0.jar
7f3887a32000-7f3887a35000 r--s 0000f000 ca:01 286318                     /usr/lib/jvm/java-8-openjdk-amd64/jre/lib/ext/icedtea-sound.jar
7f3887a35000-7f3887a36000 r--s 00010000 ca:01 286325                     /usr/lib/jvm/java-8-openjdk-amd64/jre/lib/ext/zipfs.jar
7f3887a36000-7f3887a39000 r--s 00039000 ca:01 286321                     /usr/lib/jvm/java-8-openjdk-amd64/jre/lib/ext/sunpkcs11.jar
7f3887a39000-7f3887a3a000 r--s 0000a000 ca:01 286320                     /usr/lib/jvm/java-8-openjdk-amd64/jre/lib/ext/jaccess.jar
7f3887a3a000-7f3887a3c000 r--s 00001000 ca:01 286323                     /usr/lib/jvm/java-8-openjdk-amd64/jre/lib/ext/dnsns.jar
7f3887a3c000-7f3887a46000 r--s 00116000 ca:01 286326                     /usr/lib/jvm/java-8-openjdk-amd64/jre/lib/ext/localedata.jar
7f3887a46000-7f3887b17000 rw-p 00000000 00:00 0 
7f3887b17000-7f3887b1f000 rw-s 00000000 ca:01 301612                     /tmp/hsperfdata_ubuntu/21023
7f3887b1f000-7f3887b22000 ---p 00000000 00:00 0 
7f3887b22000-7f3887c24000 rw-p 00000000 00:00 0 
7f3887c24000-7f3887c29000 r--s 0003c000 ca:01 286324                     /usr/lib/jvm/java-8-openjdk-amd64/jre/lib/ext/sunjce_provider.jar
7f3887c29000-7f3887c2a000 r--s 0000d000 ca:01 286317                     /usr/lib/jvm/java-8-openjdk-amd64/jre/lib/ext/sunec.jar
7f3887c2a000-7f3887c2b000 rw-p 00000000 00:00 0 
7f3887c2b000-7f3887c2c000 ---p 00000000 00:00 0 
7f3887c2c000-7f3887c2d000 rw-p 00000000 00:00 0 
7f3887c2d000-7f3887c2e000 r--p 00025000 ca:01 1978                       /lib/x86_64-linux-gnu/ld-2.23.so
7f3887c2e000-7f3887c2f000 rw-p 00026000 ca:01 1978                       /lib/x86_64-linux-gnu/ld-2.23.so
7f3887c2f000-7f3887c30000 rw-p 00000000 00:00 0 
7ffeed33a000-7ffeed35b000 rw-p 00000000 00:00 0                          [stack]
7ffeed35d000-7ffeed360000 r--p 00000000 00:00 0                          [vvar]
7ffeed360000-7ffeed362000 r-xp 00000000 00:00 0                          [vdso]
ffffffffff600000-ffffffffff601000 r-xp 00000000 00:00 0                  [vsyscall]

VM Arguments:
jvm_args: -Xmx1g 
java_command: org.apache.spark.deploy.SparkSubmit --conf spark.app.name=basics pyspark-shell
java_class_path (initial): /home/ubuntu/spark-2.1.1-bin-hadoop2.7/conf/:/home/ubuntu/spark-2.1.1-bin-hadoop2.7/jars/libthrift-0.9.3.jar:/home/ubuntu/spark-2.1.1-bin-hadoop2.7/jars/curator-client-2.6.0.jar:/home/ubuntu/spark-2.1.1-bin-hadoop2.7/jars/hk2-api-2.4.0-b34.jar:/home/ubuntu/spark-2.1.1-bin-hadoop2.7/jars/metrics-json-3.1.2.jar:/home/ubuntu/spark-2.1.1-bin-hadoop2.7/jars/metrics-graphite-3.1.2.jar:/home/ubuntu/spark-2.1.1-bin-hadoop2.7/jars/spire_2.11-0.7.4.jar:/home/ubuntu/spark-2.1.1-bin-hadoop2.7/jars/commons-pool-1.5.4.jar:/home/ubuntu/spark-2.1.1-bin-hadoop2.7/jars/netty-all-4.0.42.Final.jar:/home/ubuntu/spark-2.1.1-bin-hadoop2.7/jars/commons-dbcp-1.4.jar:/home/ubuntu/spark-2.1.1-bin-hadoop2.7/jars/xbean-asm5-shaded-4.4.jar:/home/ubuntu/spark-2.1.1-bin-hadoop2.7/jars/xercesImpl-2.9.1.jar:/home/ubuntu/spark-2.1.1-bin-hadoop2.7/jars/hadoop-annotations-2.7.3.jar:/home/ubuntu/spark-2.1.1-bin-hadoop2.7/jars/javassist-3.18.1-GA.jar:/home/ubuntu/spark-2.1.1-bin-hadoop2.7/jars/jersey-container-servlet-2.22.2.jar:/home/ubuntu/spark-2.1.1-bin-hadoop2.7/jars/base64-2.3.8.jar:/home/ubuntu/spark-2.1.1-bin-hadoop2.7/jars/scalap-2.11.8.jar:/home/ubuntu/spark-2.1.1-bin-hadoop2.7/jars/super-csv-2.2.0.jar:/home/ubuntu/spark-2.1.1-bin-hadoop2.7/jars/jul-to-slf4j-1.7.16.jar:/home/ubuntu/spark-2.1.1-bin-hadoop2.7/jars/hadoop-mapreduce-client-shuffle-2.7.3.jar:/home/ubuntu/spark-2.1.1-bin-hadoop2.7/jars/libfb303-0.9.3.jar:/home/ubuntu/spark-2.1.1-bin-hadoop2.7/jars/jdo-api-3.0.1.jar:/home/ubuntu/spark-2.1.1-bin-hadoop2.7/jars/jersey-guava-2.22.2.jar:/home/ubuntu/spark-2.1.1-bin-hadoop2.7/jars/arpack_combined_all-0.1.jar:/home/ubuntu/spark-2.1.1-bin-hadoop2.7/jars/scala-parser-combinators_2.11-1.0.4.jar:/home/ubuntu/spark-2.1.1-bin-hadoop2.7/jars/chill_2.11-0.8.0.jar:/home/ubuntu/spark-2.1.1-bin-hadoop2.7/jars/javax.annotation-api-1.2.jar:/home/ubuntu/spark-2.1.1-bin-hadoop2.7/jars/joda-time-2.9.3.jar:/home/ubuntu/spark-2.1.1-bin-hadoop2.7/jars/antlr-runtime-3.4.jar:/home/u
Launcher Type: SUN_STANDARD

Environment Variables:
PATH=/home/ubuntu/.local/bin:/home/ubuntu/bin:/home/ubuntu/.local/bin:/usr/local/sbin:/usr/local/bin:/usr/sbin:/usr/bin:/sbin:/bin:/usr/games:/usr/local/games:/snap/bin
SHELL=/bin/bash

Signal Handlers:
SIGSEGV: [libjvm.so+0xa783e0], sa_mask[0]=11111111011111111101111111111110, sa_flags=SA_RESTART|SA_SIGINFO
SIGBUS: [libjvm.so+0xa783e0], sa_mask[0]=11111111011111111101111111111110, sa_flags=SA_RESTART|SA_SIGINFO
SIGFPE: [libjvm.so+0x8c0e10], sa_mask[0]=11111111011111111101111111111110, sa_flags=SA_RESTART|SA_SIGINFO
SIGPIPE: [libjvm.so+0x8c0e10], sa_mask[0]=11111111011111111101111111111110, sa_flags=SA_RESTART|SA_SIGINFO
SIGXFSZ: [libjvm.so+0x8c0e10], sa_mask[0]=11111111011111111101111111111110, sa_flags=SA_RESTART|SA_SIGINFO
SIGILL: [libjvm.so+0x8c0e10], sa_mask[0]=11111111011111111101111111111110, sa_flags=SA_RESTART|SA_SIGINFO
SIGUSR1: SIG_DFL, sa_mask[0]=00000000000000000000000000000000, sa_flags=none
SIGUSR2: [libjvm.so+0x8c0cc0], sa_mask[0]=00000000000000000000000000000000, sa_flags=SA_RESTART|SA_SIGINFO
SIGHUP: [libjvm.so+0x8c1350], sa_mask[0]=11111111011111111101111111111110, sa_flags=SA_RESTART|SA_SIGINFO
SIGINT: SIG_IGN, sa_mask[0]=00000000000000000000000000000000, sa_flags=none
SIGTERM: [libjvm.so+0x8c1350], sa_mask[0]=11111111011111111101111111111110, sa_flags=SA_RESTART|SA_SIGINFO
SIGQUIT: [libjvm.so+0x8c1350], sa_mask[0]=11111111011111111101111111111110, sa_flags=SA_RESTART|SA_SIGINFO


---------------  S Y S T E M  ---------------

OS:DISTRIB_ID=Ubuntu
DISTRIB_RELEASE=16.04
DISTRIB_CODENAME=xenial
DISTRIB_DESCRIPTION="Ubuntu 16.04.4 LTS"

uname:Linux 4.4.0-1065-aws #75-Ubuntu SMP Fri Aug 10 11:14:32 UTC 2018 x86_64
libc:glibc 2.23 NPTL 2.23 
rlimit: STACK 8192k, CORE 0k, NPROC 3900, NOFILE 1048576, AS infinity
load average:0.38 0.93 1.21

/proc/meminfo:
MemTotal:        1014500 kB
MemFree:           66760 kB
MemAvailable:       9040 kB
Buffers:             708 kB
Cached:            19964 kB
SwapCached:            0 kB
Active:           868748 kB
Inactive:          16116 kB
Active(anon):     867052 kB
Inactive(anon):    10324 kB
Active(file):       1696 kB
Inactive(file):     5792 kB
Unevictable:        3652 kB
Mlocked:            3652 kB
SwapTotal:             0 kB
SwapFree:              0 kB
Dirty:                72 kB
Writeback:             0 kB
AnonPages:        867912 kB
Mapped:             8620 kB
Shmem:             10692 kB
Slab:              37344 kB
SReclaimable:      19896 kB
SUnreclaim:        17448 kB
KernelStack:        3344 kB
PageTables:         5140 kB
NFS_Unstable:          0 kB
Bounce:                0 kB
WritebackTmp:          0 kB
CommitLimit:      507248 kB
Committed_AS:    1231624 kB
VmallocTotal:   34359738367 kB
VmallocUsed:           0 kB
VmallocChunk:          0 kB
HardwareCorrupted:     0 kB
AnonHugePages:    280576 kB
CmaTotal:              0 kB
CmaFree:               0 kB
HugePages_Total:       0
HugePages_Free:        0
HugePages_Rsvd:        0
HugePages_Surp:        0
Hugepagesize:       2048 kB
DirectMap4k:       53248 kB
DirectMap2M:      995328 kB

container (cgroup) information:
container_type: cgroupv1
cpu_cpuset_cpus: 0
cpu_memory_nodes: 0
active_processor_count: 1
cpu_quota: -1
cpu_period: 100000
cpu_shares: -1
memory_limit_in_bytes: -1
memory_and_swap_limit_in_bytes: -2
memory_soft_limit_in_bytes: -1
memory_usage_in_bytes: 876011520
memory_max_usage_in_bytes: 886808576


CPU:total 1 (initial active 1) (1 cores per cpu, 1 threads per core) family 6 model 63 stepping 2, cmov, cx8, fxsr, mmx, sse, sse2, sse3, ssse3, sse4.1, sse4.2, popcnt, avx, avx2, aes, clmul, erms, lzcnt, tsc, bmi1, bmi2

/proc/cpuinfo:
processor	: 0
vendor_id	: GenuineIntel
cpu family	: 6
model		: 63
model name	: Intel(R) Xeon(R) CPU E5-2676 v3 @ 2.40GHz
stepping	: 2
microcode	: 0x43
cpu MHz		: 2400.068
cache size	: 30720 KB
physical id	: 0
siblings	: 1
core id		: 0
cpu cores	: 1
apicid		: 0
initial apicid	: 0
fpu		: yes
fpu_exception	: yes
cpuid level	: 13
wp		: yes
flags		: fpu vme de pse tsc msr pae mce cx8 apic sep mtrr pge mca cmov pat pse36 clflush mmx fxsr sse sse2 ht syscall nx rdtscp lm constant_tsc rep_good nopl xtopology eagerfpu pni pclmulqdq ssse3 fma cx16 pcid sse4_1 sse4_2 x2apic movbe popcnt tsc_deadline_timer aes xsave avx f16c rdrand hypervisor lahf_lm abm invpcid_single kaiser fsgsbase bmi1 avx2 smep bmi2 erms invpcid xsaveopt
bugs		: cpu_meltdown spectre_v1 spectre_v2 spec_store_bypass l1tf
bogomips	: 4800.13
clflush size	: 64
cache_alignment	: 64
address sizes	: 46 bits physical, 48 bits virtual
power management:



Memory: 4k page, physical 1014500k(66636k free), swap 0k(0k free)

vm_info: OpenJDK 64-Bit Server VM (25.222-b10) for linux-amd64 JRE (1.8.0_222-8u222-b10-1ubuntu1~16.04.1-b10), built on Jul 18 2019 20:25:18 by "buildd" with gcc 5.4.0 20160609

time: Fri Oct 25 05:27:05 2019
timezone: UTC
elapsed time: 525 seconds (0d 0h 8m 45s)

